[0.714s] Invoking command in '/home/ad/clue_ws/ros2_pca_servo/pca_servo': PYTHONPATH=/home/ad/clue_ws/build/pca_servo/prefix_override:/home/ad/clue_ws/install/pca_servo/lib/python3.10/site-packages:${PYTHONPATH} /usr/bin/python3 -W ignore:setup.py install is deprecated setup.py egg_info --egg-base ../../build/pca_servo build --build-base /home/ad/clue_ws/build/pca_servo/build install --record /home/ad/clue_ws/build/pca_servo/install.log --single-version-externally-managed install_data
[0.970s] running egg_info
[0.971s] writing ../../build/pca_servo/pca_servo.egg-info/PKG-INFO
[0.971s] writing dependency_links to ../../build/pca_servo/pca_servo.egg-info/dependency_links.txt
[0.971s] writing entry points to ../../build/pca_servo/pca_servo.egg-info/entry_points.txt
[0.972s] writing requirements to ../../build/pca_servo/pca_servo.egg-info/requires.txt
[0.972s] writing top-level names to ../../build/pca_servo/pca_servo.egg-info/top_level.txt
[0.974s] reading manifest file '../../build/pca_servo/pca_servo.egg-info/SOURCES.txt'
[0.974s] adding license file 'LICENSE'
[0.975s] writing manifest file '../../build/pca_servo/pca_servo.egg-info/SOURCES.txt'
[0.975s] running build
[0.975s] running build_py
[0.975s] running install
[0.976s] running install_lib
[0.977s] running install_data
[0.977s] running install_egg_info
[0.979s] removing '/home/ad/clue_ws/install/pca_servo/lib/python3.10/site-packages/pca_servo-0.8.2-py3.10.egg-info' (and everything under it)
[0.980s] Copying ../../build/pca_servo/pca_servo.egg-info to /home/ad/clue_ws/install/pca_servo/lib/python3.10/site-packages/pca_servo-0.8.2-py3.10.egg-info
[0.981s] running install_scripts
[1.006s] Installing pca_servo_server script to /home/ad/clue_ws/install/pca_servo/lib/pi_gpio
[1.007s] writing list of installed files to '/home/ad/clue_ws/build/pca_servo/install.log'
[1.040s] Invoked command in '/home/ad/clue_ws/ros2_pca_servo/pca_servo' returned '0': PYTHONPATH=/home/ad/clue_ws/build/pca_servo/prefix_override:/home/ad/clue_ws/install/pca_servo/lib/python3.10/site-packages:${PYTHONPATH} /usr/bin/python3 -W ignore:setup.py install is deprecated setup.py egg_info --egg-base ../../build/pca_servo build --build-base /home/ad/clue_ws/build/pca_servo/build install --record /home/ad/clue_ws/build/pca_servo/install.log --single-version-externally-managed install_data
