[0.453s] Invoking command in '/home/ad/clue_ws/build/pi_gpio_interface': CMAKE_PREFIX_PATH=/opt/ros/humble /usr/bin/cmake /home/ad/clue_ws/ros2_pca_servo/pca_servo_interface -DCMAKE_INSTALL_PREFIX=/home/ad/clue_ws/install/pi_gpio_interface
[1.020s] -- The C compiler identification is GNU 11.4.0
[2.796s] -- The CXX compiler identification is GNU 11.4.0
[3.347s] -- Detecting C compiler ABI info
[3.960s] -- Detecting C compiler ABI info - done
[3.979s] -- Check for working C compiler: /usr/bin/cc - skipped
[4.025s] -- Detecting C compile features
[4.030s] -- Detecting C compile features - done
[4.047s] -- Detecting CXX compiler ABI info
[4.766s] -- Detecting CXX compiler ABI info - done
[4.775s] -- Check for working CXX compiler: /usr/bin/c++ - skipped
[4.776s] -- Detecting CXX compile features
[4.776s] -- Detecting CXX compile features - done
[4.831s] -- Found ament_cmake: 1.3.8 (/opt/ros/humble/share/ament_cmake/cmake)
[5.177s] -- Found Python3: /usr/bin/python3 (found version "3.10.12") found components: Interpreter 
[5.386s] -- Found rosidl_default_generators: 1.2.0 (/opt/ros/humble/share/rosidl_default_generators/cmake)
[5.400s] -- Using all available rosidl_typesupport_c: rosidl_typesupport_fastrtps_c;rosidl_typesupport_introspection_c
[5.425s] -- Found rosidl_adapter: 3.1.5 (/opt/ros/humble/share/rosidl_adapter/cmake)
[6.512s] -- Using all available rosidl_typesupport_cpp: rosidl_typesupport_fastrtps_cpp;rosidl_typesupport_introspection_cpp
[7.119s] [31mCMake Error at /opt/ros/humble/share/ament_cmake_core/cmake/core/ament_package_xml.cmake:53 (message):
[7.119s]   ament_package_xml() package name 'pi_gpio_interface' in '/package.xml' does
[7.119s]   not match current PROJECT_NAME 'pca_servo_interface'.  You must call
[7.120s]   project() with the same package name before.
[7.120s] Call Stack (most recent call first):
[7.120s]   /opt/ros/humble/share/rosidl_cmake/cmake/rosidl_generate_interfaces.cmake:226 (ament_package_xml)
[7.120s]   CMakeLists.txt:16 (rosidl_generate_interfaces)
[7.120s] 
[7.120s] [0m
[7.120s] -- Configuring incomplete, errors occurred!
[7.120s] See also "/home/ad/clue_ws/build/pi_gpio_interface/CMakeFiles/CMakeOutput.log".
