-- The C compiler identification is GNU 11.4.0
-- The CXX compiler identification is GNU 11.4.0
-- Detecting C compiler ABI info
-- Detecting C compiler ABI info - done
-- Check for working C compiler: /usr/bin/cc - skipped
-- Detecting C compile features
-- Detecting C compile features - done
-- Detecting CXX compiler ABI info
-- Detecting CXX compiler ABI info - done
-- Check for working CXX compiler: /usr/bin/c++ - skipped
-- Detecting CXX compile features
-- Detecting CXX compile features - done
-- Found ament_cmake: 1.3.8 (/opt/ros/humble/share/ament_cmake/cmake)
-- Found Python3: /usr/bin/python3 (found version "3.10.12") found components: Interpreter 
-- Found rosidl_default_generators: 1.2.0 (/opt/ros/humble/share/rosidl_default_generators/cmake)
-- Using all available rosidl_typesupport_c: rosidl_typesupport_fastrtps_c;rosidl_typesupport_introspection_c
-- Found rosidl_adapter: 3.1.5 (/opt/ros/humble/share/rosidl_adapter/cmake)
-- Using all available rosidl_typesupport_cpp: rosidl_typesupport_fastrtps_cpp;rosidl_typesupport_introspection_cpp
-- Found ament_cmake_ros: 0.10.0 (/opt/ros/humble/share/ament_cmake_ros/cmake)
-- Using all available rosidl_typesupport_c: rosidl_typesupport_fastrtps_c;rosidl_typesupport_introspection_c
-- Using all available rosidl_typesupport_cpp: rosidl_typesupport_fastrtps_cpp;rosidl_typesupport_introspection_cpp
-- Found PythonInterp: /usr/bin/python3 (found suitable version "3.10.12", minimum required is "3.6") 
-- Found python_cmake_module: 0.10.0 (/opt/ros/humble/share/python_cmake_module/cmake)
-- Found PythonLibs: /usr/lib/x86_64-linux-gnu/libpython3.10.so (found suitable version "3.10.12", minimum required is "3.5") 
-- Using PYTHON_EXECUTABLE: /usr/bin/python3
-- Using PYTHON_INCLUDE_DIRS: /usr/include/python3.10
-- Using PYTHON_LIBRARIES: /usr/lib/x86_64-linux-gnu/libpython3.10.so
-- Found PythonExtra: .so  
-- Configuring done
-- Generating done
-- Build files have been written to: /home/ad/clue_ws/build/pca_servo_interface
[  3%] [34m[1mGenerating C code for ROS interfaces[0m
[  6%] [34m[1mGenerating C++ code for ROS interfaces[0m
[  6%] Built target ament_cmake_python_copy_pca_servo_interface
running egg_info
creating pca_servo_interface.egg-info
writing pca_servo_interface.egg-info/PKG-INFO
writing dependency_links to pca_servo_interface.egg-info/dependency_links.txt
writing top-level names to pca_servo_interface.egg-info/top_level.txt
writing manifest file 'pca_servo_interface.egg-info/SOURCES.txt'
reading manifest file 'pca_servo_interface.egg-info/SOURCES.txt'
writing manifest file 'pca_servo_interface.egg-info/SOURCES.txt'
[  6%] Built target ament_cmake_python_build_pca_servo_interface_egg
[  6%] Built target pca_servo_interface__cpp
[  9%] [34m[1mGenerating C++ type support for eProsima Fast-RTPS[0m
[ 12%] [34m[1mGenerating C++ introspection for ROS interfaces[0m
[ 16%] [34m[1mGenerating C++ type support dispatch for ROS interfaces[0m
[ 19%] [32mBuilding C object CMakeFiles/pca_servo_interface__rosidl_generator_c.dir/rosidl_generator_c/pca_servo_interface/action/detail/pca_servo__functions.c.o[0m
[ 22%] [32m[1mLinking C shared library libpca_servo_interface__rosidl_generator_c.so[0m
[ 25%] [32mBuilding CXX object CMakeFiles/pca_servo_interface__rosidl_typesupport_cpp.dir/rosidl_typesupport_cpp/pca_servo_interface/action/pca_servo__type_support.cpp.o[0m
[ 25%] Built target pca_servo_interface__rosidl_generator_c
[ 29%] [34m[1mGenerating C type support dispatch for ROS interfaces[0m
[ 35%] [34m[1mGenerating C introspection for ROS interfaces[0m
[ 35%] [34m[1mGenerating C type support for eProsima Fast-RTPS[0m
[ 38%] [32mBuilding CXX object CMakeFiles/pca_servo_interface__rosidl_typesupport_introspection_cpp.dir/rosidl_typesupport_introspection_cpp/pca_servo_interface/action/detail/pca_servo__type_support.cpp.o[0m
[ 41%] [32mBuilding CXX object CMakeFiles/pca_servo_interface__rosidl_typesupport_fastrtps_cpp.dir/rosidl_typesupport_fastrtps_cpp/pca_servo_interface/action/detail/dds_fastrtps/pca_servo__type_support.cpp.o[0m
[ 45%] [32mBuilding CXX object CMakeFiles/pca_servo_interface__rosidl_typesupport_c.dir/rosidl_typesupport_c/pca_servo_interface/action/pca_servo__type_support.cpp.o[0m
[ 48%] [32m[1mLinking CXX shared library libpca_servo_interface__rosidl_typesupport_c.so[0m
[ 51%] [32mBuilding C object CMakeFiles/pca_servo_interface__rosidl_typesupport_introspection_c.dir/rosidl_typesupport_introspection_c/pca_servo_interface/action/detail/pca_servo__type_support.c.o[0m
[ 54%] [32mBuilding CXX object CMakeFiles/pca_servo_interface__rosidl_typesupport_fastrtps_c.dir/rosidl_typesupport_fastrtps_c/pca_servo_interface/action/detail/pca_servo__type_support_c.cpp.o[0m
[ 54%] Built target pca_servo_interface__rosidl_typesupport_c
[ 58%] [32m[1mLinking C shared library libpca_servo_interface__rosidl_typesupport_introspection_c.so[0m
[ 61%] [32m[1mLinking CXX shared library libpca_servo_interface__rosidl_typesupport_cpp.so[0m
[ 61%] Built target pca_servo_interface__rosidl_typesupport_introspection_c
[ 61%] Built target pca_servo_interface__rosidl_typesupport_cpp
[ 64%] [32m[1mLinking CXX shared library libpca_servo_interface__rosidl_typesupport_introspection_cpp.so[0m
[ 67%] [32m[1mLinking CXX shared library libpca_servo_interface__rosidl_typesupport_fastrtps_cpp.so[0m
[ 70%] [32m[1mLinking CXX shared library libpca_servo_interface__rosidl_typesupport_fastrtps_c.so[0m
[ 70%] Built target pca_servo_interface__rosidl_typesupport_introspection_cpp
[ 70%] Built target pca_servo_interface__rosidl_typesupport_fastrtps_cpp
[ 70%] Built target pca_servo_interface__rosidl_typesupport_fastrtps_c
[ 70%] Built target pca_servo_interface
[ 74%] [34m[1mGenerating Python code for ROS interfaces[0m
[ 74%] Built target pca_servo_interface__py
[ 77%] [32mBuilding C object CMakeFiles/pca_servo_interface__rosidl_generator_py.dir/rosidl_generator_py/pca_servo_interface/action/_pca_servo_s.c.o[0m
[ 80%] [32m[1mLinking C shared library rosidl_generator_py/pca_servo_interface/libpca_servo_interface__rosidl_generator_py.so[0m
[ 80%] Built target pca_servo_interface__rosidl_generator_py
[ 90%] [32mBuilding C object CMakeFiles/pca_servo_interface__rosidl_typesupport_c__pyext.dir/rosidl_generator_py/pca_servo_interface/_pca_servo_interface_s.ep.rosidl_typesupport_c.c.o[0m
[ 90%] [32mBuilding C object CMakeFiles/pca_servo_interface__rosidl_typesupport_fastrtps_c__pyext.dir/rosidl_generator_py/pca_servo_interface/_pca_servo_interface_s.ep.rosidl_typesupport_fastrtps_c.c.o[0m
[ 90%] [32mBuilding C object CMakeFiles/pca_servo_interface__rosidl_typesupport_introspection_c__pyext.dir/rosidl_generator_py/pca_servo_interface/_pca_servo_interface_s.ep.rosidl_typesupport_introspection_c.c.o[0m
[ 93%] [32m[1mLinking C shared library rosidl_generator_py/pca_servo_interface/pca_servo_interface_s__rosidl_typesupport_introspection_c.cpython-310-x86_64-linux-gnu.so[0m
[ 96%] [32m[1mLinking C shared library rosidl_generator_py/pca_servo_interface/pca_servo_interface_s__rosidl_typesupport_fastrtps_c.cpython-310-x86_64-linux-gnu.so[0m
[100%] [32m[1mLinking C shared library rosidl_generator_py/pca_servo_interface/pca_servo_interface_s__rosidl_typesupport_c.cpython-310-x86_64-linux-gnu.so[0m
[100%] Built target pca_servo_interface__rosidl_typesupport_fastrtps_c__pyext
[100%] Built target pca_servo_interface__rosidl_typesupport_introspection_c__pyext
[100%] Built target pca_servo_interface__rosidl_typesupport_c__pyext
-- Install configuration: ""
-- Installing: /home/ad/clue_ws/install/pca_servo_interface/share/ament_index/resource_index/rosidl_interfaces/pca_servo_interface
-- Installing: /home/ad/clue_ws/install/pca_servo_interface/include/pca_servo_interface/pca_servo_interface
-- Installing: /home/ad/clue_ws/install/pca_servo_interface/include/pca_servo_interface/pca_servo_interface/msg
-- Installing: /home/ad/clue_ws/install/pca_servo_interface/include/pca_servo_interface/pca_servo_interface/msg/rosidl_generator_c__visibility_control.h
-- Installing: /home/ad/clue_ws/install/pca_servo_interface/include/pca_servo_interface/pca_servo_interface/action
-- Installing: /home/ad/clue_ws/install/pca_servo_interface/include/pca_servo_interface/pca_servo_interface/action/pca_servo.h
-- Installing: /home/ad/clue_ws/install/pca_servo_interface/include/pca_servo_interface/pca_servo_interface/action/detail
-- Installing: /home/ad/clue_ws/install/pca_servo_interface/include/pca_servo_interface/pca_servo_interface/action/detail/pca_servo__functions.h
-- Installing: /home/ad/clue_ws/install/pca_servo_interface/include/pca_servo_interface/pca_servo_interface/action/detail/pca_servo__functions.c
-- Installing: /home/ad/clue_ws/install/pca_servo_interface/include/pca_servo_interface/pca_servo_interface/action/detail/pca_servo__struct.h
-- Installing: /home/ad/clue_ws/install/pca_servo_interface/include/pca_servo_interface/pca_servo_interface/action/detail/pca_servo__type_support.h
-- Installing: /home/ad/clue_ws/install/pca_servo_interface/share/pca_servo_interface/environment/library_path.sh
-- Installing: /home/ad/clue_ws/install/pca_servo_interface/share/pca_servo_interface/environment/library_path.dsv
-- Installing: /home/ad/clue_ws/install/pca_servo_interface/lib/libpca_servo_interface__rosidl_generator_c.so
-- Set runtime path of "/home/ad/clue_ws/install/pca_servo_interface/lib/libpca_servo_interface__rosidl_generator_c.so" to ""
-- Up-to-date: /home/ad/clue_ws/install/pca_servo_interface/include/pca_servo_interface/pca_servo_interface
-- Up-to-date: /home/ad/clue_ws/install/pca_servo_interface/include/pca_servo_interface/pca_servo_interface/msg
-- Installing: /home/ad/clue_ws/install/pca_servo_interface/include/pca_servo_interface/pca_servo_interface/msg/rosidl_typesupport_fastrtps_c__visibility_control.h
-- Up-to-date: /home/ad/clue_ws/install/pca_servo_interface/include/pca_servo_interface/pca_servo_interface/action
-- Up-to-date: /home/ad/clue_ws/install/pca_servo_interface/include/pca_servo_interface/pca_servo_interface/action/detail
-- Installing: /home/ad/clue_ws/install/pca_servo_interface/include/pca_servo_interface/pca_servo_interface/action/detail/pca_servo__rosidl_typesupport_fastrtps_c.h
-- Installing: /home/ad/clue_ws/install/pca_servo_interface/lib/libpca_servo_interface__rosidl_typesupport_fastrtps_c.so
-- Set runtime path of "/home/ad/clue_ws/install/pca_servo_interface/lib/libpca_servo_interface__rosidl_typesupport_fastrtps_c.so" to ""
-- Up-to-date: /home/ad/clue_ws/install/pca_servo_interface/include/pca_servo_interface/pca_servo_interface
-- Up-to-date: /home/ad/clue_ws/install/pca_servo_interface/include/pca_servo_interface/pca_servo_interface/msg
-- Installing: /home/ad/clue_ws/install/pca_servo_interface/include/pca_servo_interface/pca_servo_interface/msg/rosidl_typesupport_introspection_c__visibility_control.h
-- Up-to-date: /home/ad/clue_ws/install/pca_servo_interface/include/pca_servo_interface/pca_servo_interface/action
-- Up-to-date: /home/ad/clue_ws/install/pca_servo_interface/include/pca_servo_interface/pca_servo_interface/action/detail
-- Installing: /home/ad/clue_ws/install/pca_servo_interface/include/pca_servo_interface/pca_servo_interface/action/detail/pca_servo__rosidl_typesupport_introspection_c.h
-- Installing: /home/ad/clue_ws/install/pca_servo_interface/include/pca_servo_interface/pca_servo_interface/action/detail/pca_servo__type_support.c
-- Installing: /home/ad/clue_ws/install/pca_servo_interface/lib/libpca_servo_interface__rosidl_typesupport_introspection_c.so
-- Set runtime path of "/home/ad/clue_ws/install/pca_servo_interface/lib/libpca_servo_interface__rosidl_typesupport_introspection_c.so" to ""
-- Installing: /home/ad/clue_ws/install/pca_servo_interface/lib/libpca_servo_interface__rosidl_typesupport_c.so
-- Set runtime path of "/home/ad/clue_ws/install/pca_servo_interface/lib/libpca_servo_interface__rosidl_typesupport_c.so" to ""
-- Up-to-date: /home/ad/clue_ws/install/pca_servo_interface/include/pca_servo_interface/pca_servo_interface
-- Up-to-date: /home/ad/clue_ws/install/pca_servo_interface/include/pca_servo_interface/pca_servo_interface/action
-- Installing: /home/ad/clue_ws/install/pca_servo_interface/include/pca_servo_interface/pca_servo_interface/action/pca_servo.hpp
-- Up-to-date: /home/ad/clue_ws/install/pca_servo_interface/include/pca_servo_interface/pca_servo_interface/action/detail
-- Installing: /home/ad/clue_ws/install/pca_servo_interface/include/pca_servo_interface/pca_servo_interface/action/detail/pca_servo__struct.hpp
-- Installing: /home/ad/clue_ws/install/pca_servo_interface/include/pca_servo_interface/pca_servo_interface/action/detail/pca_servo__builder.hpp
-- Installing: /home/ad/clue_ws/install/pca_servo_interface/include/pca_servo_interface/pca_servo_interface/action/detail/pca_servo__traits.hpp
-- Up-to-date: /home/ad/clue_ws/install/pca_servo_interface/include/pca_servo_interface/pca_servo_interface
-- Up-to-date: /home/ad/clue_ws/install/pca_servo_interface/include/pca_servo_interface/pca_servo_interface/msg
-- Installing: /home/ad/clue_ws/install/pca_servo_interface/include/pca_servo_interface/pca_servo_interface/msg/rosidl_typesupport_fastrtps_cpp__visibility_control.h
-- Up-to-date: /home/ad/clue_ws/install/pca_servo_interface/include/pca_servo_interface/pca_servo_interface/action
-- Up-to-date: /home/ad/clue_ws/install/pca_servo_interface/include/pca_servo_interface/pca_servo_interface/action/detail
-- Installing: /home/ad/clue_ws/install/pca_servo_interface/include/pca_servo_interface/pca_servo_interface/action/detail/dds_fastrtps
-- Installing: /home/ad/clue_ws/install/pca_servo_interface/include/pca_servo_interface/pca_servo_interface/action/detail/pca_servo__rosidl_typesupport_fastrtps_cpp.hpp
-- Installing: /home/ad/clue_ws/install/pca_servo_interface/lib/libpca_servo_interface__rosidl_typesupport_fastrtps_cpp.so
-- Set runtime path of "/home/ad/clue_ws/install/pca_servo_interface/lib/libpca_servo_interface__rosidl_typesupport_fastrtps_cpp.so" to ""
-- Up-to-date: /home/ad/clue_ws/install/pca_servo_interface/include/pca_servo_interface/pca_servo_interface
-- Up-to-date: /home/ad/clue_ws/install/pca_servo_interface/include/pca_servo_interface/pca_servo_interface/action
-- Up-to-date: /home/ad/clue_ws/install/pca_servo_interface/include/pca_servo_interface/pca_servo_interface/action/detail
-- Installing: /home/ad/clue_ws/install/pca_servo_interface/include/pca_servo_interface/pca_servo_interface/action/detail/pca_servo__rosidl_typesupport_introspection_cpp.hpp
-- Installing: /home/ad/clue_ws/install/pca_servo_interface/include/pca_servo_interface/pca_servo_interface/action/detail/pca_servo__type_support.cpp
-- Installing: /home/ad/clue_ws/install/pca_servo_interface/lib/libpca_servo_interface__rosidl_typesupport_introspection_cpp.so
-- Set runtime path of "/home/ad/clue_ws/install/pca_servo_interface/lib/libpca_servo_interface__rosidl_typesupport_introspection_cpp.so" to ""
-- Installing: /home/ad/clue_ws/install/pca_servo_interface/lib/libpca_servo_interface__rosidl_typesupport_cpp.so
-- Set runtime path of "/home/ad/clue_ws/install/pca_servo_interface/lib/libpca_servo_interface__rosidl_typesupport_cpp.so" to ""
-- Installing: /home/ad/clue_ws/install/pca_servo_interface/share/pca_servo_interface/environment/pythonpath.sh
-- Installing: /home/ad/clue_ws/install/pca_servo_interface/share/pca_servo_interface/environment/pythonpath.dsv
-- Installing: /home/ad/clue_ws/install/pca_servo_interface/local/lib/python3.10/dist-packages/pca_servo_interface-0.7.1-py3.10.egg-info
-- Installing: /home/ad/clue_ws/install/pca_servo_interface/local/lib/python3.10/dist-packages/pca_servo_interface-0.7.1-py3.10.egg-info/PKG-INFO
-- Installing: /home/ad/clue_ws/install/pca_servo_interface/local/lib/python3.10/dist-packages/pca_servo_interface-0.7.1-py3.10.egg-info/SOURCES.txt
-- Installing: /home/ad/clue_ws/install/pca_servo_interface/local/lib/python3.10/dist-packages/pca_servo_interface-0.7.1-py3.10.egg-info/top_level.txt
-- Installing: /home/ad/clue_ws/install/pca_servo_interface/local/lib/python3.10/dist-packages/pca_servo_interface-0.7.1-py3.10.egg-info/dependency_links.txt
-- Installing: /home/ad/clue_ws/install/pca_servo_interface/local/lib/python3.10/dist-packages/pca_servo_interface
-- Installing: /home/ad/clue_ws/install/pca_servo_interface/local/lib/python3.10/dist-packages/pca_servo_interface/pca_servo_interface_s__rosidl_typesupport_c.cpython-310-x86_64-linux-gnu.so
-- Installing: /home/ad/clue_ws/install/pca_servo_interface/local/lib/python3.10/dist-packages/pca_servo_interface/libpca_servo_interface__rosidl_generator_py.so
-- Installing: /home/ad/clue_ws/install/pca_servo_interface/local/lib/python3.10/dist-packages/pca_servo_interface/_pca_servo_interface_s.ep.rosidl_typesupport_c.c
-- Installing: /home/ad/clue_ws/install/pca_servo_interface/local/lib/python3.10/dist-packages/pca_servo_interface/pca_servo_interface_s__rosidl_typesupport_introspection_c.cpython-310-x86_64-linux-gnu.so
-- Installing: /home/ad/clue_ws/install/pca_servo_interface/local/lib/python3.10/dist-packages/pca_servo_interface/_pca_servo_interface_s.ep.rosidl_typesupport_fastrtps_c.c
-- Installing: /home/ad/clue_ws/install/pca_servo_interface/local/lib/python3.10/dist-packages/pca_servo_interface/__init__.py
-- Installing: /home/ad/clue_ws/install/pca_servo_interface/local/lib/python3.10/dist-packages/pca_servo_interface/pca_servo_interface_s__rosidl_typesupport_fastrtps_c.cpython-310-x86_64-linux-gnu.so
-- Installing: /home/ad/clue_ws/install/pca_servo_interface/local/lib/python3.10/dist-packages/pca_servo_interface/_pca_servo_interface_s.ep.rosidl_typesupport_introspection_c.c
-- Installing: /home/ad/clue_ws/install/pca_servo_interface/local/lib/python3.10/dist-packages/pca_servo_interface/action
-- Installing: /home/ad/clue_ws/install/pca_servo_interface/local/lib/python3.10/dist-packages/pca_servo_interface/action/_pca_servo_s.c
-- Installing: /home/ad/clue_ws/install/pca_servo_interface/local/lib/python3.10/dist-packages/pca_servo_interface/action/__init__.py
-- Installing: /home/ad/clue_ws/install/pca_servo_interface/local/lib/python3.10/dist-packages/pca_servo_interface/action/_pca_servo.py
Listing '/home/ad/clue_ws/install/pca_servo_interface/local/lib/python3.10/dist-packages/pca_servo_interface'...
Compiling '/home/ad/clue_ws/install/pca_servo_interface/local/lib/python3.10/dist-packages/pca_servo_interface/__init__.py'...
Listing '/home/ad/clue_ws/install/pca_servo_interface/local/lib/python3.10/dist-packages/pca_servo_interface/action'...
Compiling '/home/ad/clue_ws/install/pca_servo_interface/local/lib/python3.10/dist-packages/pca_servo_interface/action/__init__.py'...
Compiling '/home/ad/clue_ws/install/pca_servo_interface/local/lib/python3.10/dist-packages/pca_servo_interface/action/_pca_servo.py'...
-- Installing: /home/ad/clue_ws/install/pca_servo_interface/local/lib/python3.10/dist-packages/pca_servo_interface/pca_servo_interface_s__rosidl_typesupport_fastrtps_c.cpython-310-x86_64-linux-gnu.so
-- Set runtime path of "/home/ad/clue_ws/install/pca_servo_interface/local/lib/python3.10/dist-packages/pca_servo_interface/pca_servo_interface_s__rosidl_typesupport_fastrtps_c.cpython-310-x86_64-linux-gnu.so" to ""
-- Installing: /home/ad/clue_ws/install/pca_servo_interface/local/lib/python3.10/dist-packages/pca_servo_interface/pca_servo_interface_s__rosidl_typesupport_introspection_c.cpython-310-x86_64-linux-gnu.so
-- Set runtime path of "/home/ad/clue_ws/install/pca_servo_interface/local/lib/python3.10/dist-packages/pca_servo_interface/pca_servo_interface_s__rosidl_typesupport_introspection_c.cpython-310-x86_64-linux-gnu.so" to ""
-- Installing: /home/ad/clue_ws/install/pca_servo_interface/local/lib/python3.10/dist-packages/pca_servo_interface/pca_servo_interface_s__rosidl_typesupport_c.cpython-310-x86_64-linux-gnu.so
-- Set runtime path of "/home/ad/clue_ws/install/pca_servo_interface/local/lib/python3.10/dist-packages/pca_servo_interface/pca_servo_interface_s__rosidl_typesupport_c.cpython-310-x86_64-linux-gnu.so" to ""
-- Installing: /home/ad/clue_ws/install/pca_servo_interface/lib/libpca_servo_interface__rosidl_generator_py.so
-- Set runtime path of "/home/ad/clue_ws/install/pca_servo_interface/lib/libpca_servo_interface__rosidl_generator_py.so" to ""
-- Installing: /home/ad/clue_ws/install/pca_servo_interface/share/pca_servo_interface/action/PCAServo.idl
-- Installing: /home/ad/clue_ws/install/pca_servo_interface/share/pca_servo_interface/action/PCAServo.action
-- Installing: /home/ad/clue_ws/install/pca_servo_interface/share/ament_index/resource_index/package_run_dependencies/pca_servo_interface
-- Installing: /home/ad/clue_ws/install/pca_servo_interface/share/ament_index/resource_index/parent_prefix_path/pca_servo_interface
-- Installing: /home/ad/clue_ws/install/pca_servo_interface/share/pca_servo_interface/environment/ament_prefix_path.sh
-- Installing: /home/ad/clue_ws/install/pca_servo_interface/share/pca_servo_interface/environment/ament_prefix_path.dsv
-- Installing: /home/ad/clue_ws/install/pca_servo_interface/share/pca_servo_interface/environment/path.sh
-- Installing: /home/ad/clue_ws/install/pca_servo_interface/share/pca_servo_interface/environment/path.dsv
-- Installing: /home/ad/clue_ws/install/pca_servo_interface/share/pca_servo_interface/local_setup.bash
-- Installing: /home/ad/clue_ws/install/pca_servo_interface/share/pca_servo_interface/local_setup.sh
-- Installing: /home/ad/clue_ws/install/pca_servo_interface/share/pca_servo_interface/local_setup.zsh
-- Installing: /home/ad/clue_ws/install/pca_servo_interface/share/pca_servo_interface/local_setup.dsv
-- Installing: /home/ad/clue_ws/install/pca_servo_interface/share/pca_servo_interface/package.dsv
-- Installing: /home/ad/clue_ws/install/pca_servo_interface/share/ament_index/resource_index/packages/pca_servo_interface
-- Installing: /home/ad/clue_ws/install/pca_servo_interface/share/pca_servo_interface/cmake/export_pca_servo_interface__rosidl_generator_cExport.cmake
-- Installing: /home/ad/clue_ws/install/pca_servo_interface/share/pca_servo_interface/cmake/export_pca_servo_interface__rosidl_generator_cExport-noconfig.cmake
-- Installing: /home/ad/clue_ws/install/pca_servo_interface/share/pca_servo_interface/cmake/export_pca_servo_interface__rosidl_typesupport_fastrtps_cExport.cmake
-- Installing: /home/ad/clue_ws/install/pca_servo_interface/share/pca_servo_interface/cmake/export_pca_servo_interface__rosidl_typesupport_fastrtps_cExport-noconfig.cmake
-- Installing: /home/ad/clue_ws/install/pca_servo_interface/share/pca_servo_interface/cmake/pca_servo_interface__rosidl_typesupport_introspection_cExport.cmake
-- Installing: /home/ad/clue_ws/install/pca_servo_interface/share/pca_servo_interface/cmake/pca_servo_interface__rosidl_typesupport_introspection_cExport-noconfig.cmake
-- Installing: /home/ad/clue_ws/install/pca_servo_interface/share/pca_servo_interface/cmake/pca_servo_interface__rosidl_typesupport_cExport.cmake
-- Installing: /home/ad/clue_ws/install/pca_servo_interface/share/pca_servo_interface/cmake/pca_servo_interface__rosidl_typesupport_cExport-noconfig.cmake
-- Installing: /home/ad/clue_ws/install/pca_servo_interface/share/pca_servo_interface/cmake/export_pca_servo_interface__rosidl_generator_cppExport.cmake
-- Installing: /home/ad/clue_ws/install/pca_servo_interface/share/pca_servo_interface/cmake/export_pca_servo_interface__rosidl_typesupport_fastrtps_cppExport.cmake
-- Installing: /home/ad/clue_ws/install/pca_servo_interface/share/pca_servo_interface/cmake/export_pca_servo_interface__rosidl_typesupport_fastrtps_cppExport-noconfig.cmake
-- Installing: /home/ad/clue_ws/install/pca_servo_interface/share/pca_servo_interface/cmake/pca_servo_interface__rosidl_typesupport_introspection_cppExport.cmake
-- Installing: /home/ad/clue_ws/install/pca_servo_interface/share/pca_servo_interface/cmake/pca_servo_interface__rosidl_typesupport_introspection_cppExport-noconfig.cmake
-- Installing: /home/ad/clue_ws/install/pca_servo_interface/share/pca_servo_interface/cmake/pca_servo_interface__rosidl_typesupport_cppExport.cmake
-- Installing: /home/ad/clue_ws/install/pca_servo_interface/share/pca_servo_interface/cmake/pca_servo_interface__rosidl_typesupport_cppExport-noconfig.cmake
-- Installing: /home/ad/clue_ws/install/pca_servo_interface/share/pca_servo_interface/cmake/export_pca_servo_interface__rosidl_generator_pyExport.cmake
-- Installing: /home/ad/clue_ws/install/pca_servo_interface/share/pca_servo_interface/cmake/export_pca_servo_interface__rosidl_generator_pyExport-noconfig.cmake
-- Installing: /home/ad/clue_ws/install/pca_servo_interface/share/pca_servo_interface/cmake/rosidl_cmake-extras.cmake
-- Installing: /home/ad/clue_ws/install/pca_servo_interface/share/pca_servo_interface/cmake/ament_cmake_export_dependencies-extras.cmake
-- Installing: /home/ad/clue_ws/install/pca_servo_interface/share/pca_servo_interface/cmake/ament_cmake_export_include_directories-extras.cmake
-- Installing: /home/ad/clue_ws/install/pca_servo_interface/share/pca_servo_interface/cmake/ament_cmake_export_libraries-extras.cmake
-- Installing: /home/ad/clue_ws/install/pca_servo_interface/share/pca_servo_interface/cmake/ament_cmake_export_targets-extras.cmake
-- Installing: /home/ad/clue_ws/install/pca_servo_interface/share/pca_servo_interface/cmake/rosidl_cmake_export_typesupport_targets-extras.cmake
-- Installing: /home/ad/clue_ws/install/pca_servo_interface/share/pca_servo_interface/cmake/rosidl_cmake_export_typesupport_libraries-extras.cmake
-- Installing: /home/ad/clue_ws/install/pca_servo_interface/share/pca_servo_interface/cmake/pca_servo_interfaceConfig.cmake
-- Installing: /home/ad/clue_ws/install/pca_servo_interface/share/pca_servo_interface/cmake/pca_servo_interfaceConfig-version.cmake
-- Installing: /home/ad/clue_ws/install/pca_servo_interface/share/pca_servo_interface/package.xml
