[0.326s] Invoking command in '/home/ad/clue_ws/build/pca_servo_interface': CMAKE_PREFIX_PATH=/opt/ros/humble /usr/bin/cmake /home/ad/clue_ws/ros2_pca_servo/pca_servo_interface -DCMAKE_INSTALL_PREFIX=/home/ad/clue_ws/install/pca_servo_interface
[0.529s] -- The C compiler identification is GNU 11.4.0
[1.204s] -- The CXX compiler identification is GNU 11.4.0
[1.892s] -- Detecting C compiler ABI info
[2.707s] -- Detecting C compiler ABI info - done
[2.724s] -- Check for working C compiler: /usr/bin/cc - skipped
[2.725s] -- Detecting C compile features
[2.725s] -- Detecting C compile features - done
[2.737s] -- Detecting CXX compiler ABI info
[3.432s] -- Detecting CXX compiler ABI info - done
[3.442s] -- Check for working CXX compiler: /usr/bin/c++ - skipped
[3.443s] -- Detecting CXX compile features
[3.443s] -- Detecting CXX compile features - done
[3.446s] -- Found ament_cmake: 1.3.8 (/opt/ros/humble/share/ament_cmake/cmake)
[3.690s] -- Found Python3: /usr/bin/python3 (found version "3.10.12") found components: Interpreter 
[3.845s] -- Found rosidl_default_generators: 1.2.0 (/opt/ros/humble/share/rosidl_default_generators/cmake)
[3.849s] -- Using all available rosidl_typesupport_c: rosidl_typesupport_fastrtps_c;rosidl_typesupport_introspection_c
[3.858s] -- Found rosidl_adapter: 3.1.5 (/opt/ros/humble/share/rosidl_adapter/cmake)
[4.250s] -- Using all available rosidl_typesupport_cpp: rosidl_typesupport_fastrtps_cpp;rosidl_typesupport_introspection_cpp
[4.701s] -- Found ament_cmake_ros: 0.10.0 (/opt/ros/humble/share/ament_cmake_ros/cmake)
[5.162s] -- Using all available rosidl_typesupport_c: rosidl_typesupport_fastrtps_c;rosidl_typesupport_introspection_c
[5.564s] -- Using all available rosidl_typesupport_cpp: rosidl_typesupport_fastrtps_cpp;rosidl_typesupport_introspection_cpp
[5.784s] -- Found PythonInterp: /usr/bin/python3 (found suitable version "3.10.12", minimum required is "3.6") 
[5.835s] -- Found python_cmake_module: 0.10.0 (/opt/ros/humble/share/python_cmake_module/cmake)
[7.543s] -- Found PythonLibs: /usr/lib/x86_64-linux-gnu/libpython3.10.so (found suitable version "3.10.12", minimum required is "3.5") 
[7.543s] -- Using PYTHON_EXECUTABLE: /usr/bin/python3
[7.543s] -- Using PYTHON_INCLUDE_DIRS: /usr/include/python3.10
[7.544s] -- Using PYTHON_LIBRARIES: /usr/lib/x86_64-linux-gnu/libpython3.10.so
[7.604s] -- Found PythonExtra: .so  
[7.994s] -- Configuring done
[8.060s] -- Generating done
[8.063s] -- Build files have been written to: /home/ad/clue_ws/build/pca_servo_interface
[8.072s] Invoked command in '/home/ad/clue_ws/build/pca_servo_interface' returned '0': CMAKE_PREFIX_PATH=/opt/ros/humble /usr/bin/cmake /home/ad/clue_ws/ros2_pca_servo/pca_servo_interface -DCMAKE_INSTALL_PREFIX=/home/ad/clue_ws/install/pca_servo_interface
[8.076s] Invoking command in '/home/ad/clue_ws/build/pca_servo_interface': CMAKE_PREFIX_PATH=/opt/ros/humble /usr/bin/cmake --build /home/ad/clue_ws/build/pca_servo_interface -- -j8 -l8
[8.170s] [  3%] [34m[1mGenerating C code for ROS interfaces[0m
[8.214s] [  6%] [34m[1mGenerating C++ code for ROS interfaces[0m
[8.233s] [  6%] Built target ament_cmake_python_copy_pca_servo_interface
[8.512s] running egg_info
[8.512s] creating pca_servo_interface.egg-info
[8.513s] writing pca_servo_interface.egg-info/PKG-INFO
[8.513s] writing dependency_links to pca_servo_interface.egg-info/dependency_links.txt
[8.513s] writing top-level names to pca_servo_interface.egg-info/top_level.txt
[8.513s] writing manifest file 'pca_servo_interface.egg-info/SOURCES.txt'
[8.516s] reading manifest file 'pca_servo_interface.egg-info/SOURCES.txt'
[8.516s] writing manifest file 'pca_servo_interface.egg-info/SOURCES.txt'
[8.547s] [  6%] Built target ament_cmake_python_build_pca_servo_interface_egg
[8.826s] [  6%] Built target pca_servo_interface__cpp
[8.839s] [  9%] [34m[1mGenerating C++ type support for eProsima Fast-RTPS[0m
[8.840s] [ 12%] [34m[1mGenerating C++ introspection for ROS interfaces[0m
[8.841s] [ 16%] [34m[1mGenerating C++ type support dispatch for ROS interfaces[0m
[8.847s] [ 19%] [32mBuilding C object CMakeFiles/pca_servo_interface__rosidl_generator_c.dir/rosidl_generator_c/pca_servo_interface/action/detail/pca_servo__functions.c.o[0m
[9.072s] [ 22%] [32m[1mLinking C shared library libpca_servo_interface__rosidl_generator_c.so[0m
[9.261s] [ 25%] [32mBuilding CXX object CMakeFiles/pca_servo_interface__rosidl_typesupport_cpp.dir/rosidl_typesupport_cpp/pca_servo_interface/action/pca_servo__type_support.cpp.o[0m
[9.270s] [ 25%] Built target pca_servo_interface__rosidl_generator_c
[9.282s] [ 29%] [34m[1mGenerating C type support dispatch for ROS interfaces[0m
[9.285s] [ 35%] [34m[1mGenerating C introspection for ROS interfaces[0m
[9.285s] [ 35%] [34m[1mGenerating C type support for eProsima Fast-RTPS[0m
[9.385s] [ 38%] [32mBuilding CXX object CMakeFiles/pca_servo_interface__rosidl_typesupport_introspection_cpp.dir/rosidl_typesupport_introspection_cpp/pca_servo_interface/action/detail/pca_servo__type_support.cpp.o[0m
[9.576s] [ 41%] [32mBuilding CXX object CMakeFiles/pca_servo_interface__rosidl_typesupport_fastrtps_cpp.dir/rosidl_typesupport_fastrtps_cpp/pca_servo_interface/action/detail/dds_fastrtps/pca_servo__type_support.cpp.o[0m
[9.783s] [ 45%] [32mBuilding CXX object CMakeFiles/pca_servo_interface__rosidl_typesupport_c.dir/rosidl_typesupport_c/pca_servo_interface/action/pca_servo__type_support.cpp.o[0m
[9.871s] [ 48%] [32m[1mLinking CXX shared library libpca_servo_interface__rosidl_typesupport_c.so[0m
[10.011s] [ 51%] [32mBuilding C object CMakeFiles/pca_servo_interface__rosidl_typesupport_introspection_c.dir/rosidl_typesupport_introspection_c/pca_servo_interface/action/detail/pca_servo__type_support.c.o[0m
[10.091s] [ 54%] [32mBuilding CXX object CMakeFiles/pca_servo_interface__rosidl_typesupport_fastrtps_c.dir/rosidl_typesupport_fastrtps_c/pca_servo_interface/action/detail/pca_servo__type_support_c.cpp.o[0m
[10.142s] [ 54%] Built target pca_servo_interface__rosidl_typesupport_c
[10.160s] [ 58%] [32m[1mLinking C shared library libpca_servo_interface__rosidl_typesupport_introspection_c.so[0m
[10.299s] [ 61%] [32m[1mLinking CXX shared library libpca_servo_interface__rosidl_typesupport_cpp.so[0m
[10.386s] [ 61%] Built target pca_servo_interface__rosidl_typesupport_introspection_c
[10.522s] [ 61%] Built target pca_servo_interface__rosidl_typesupport_cpp
[10.547s] [ 64%] [32m[1mLinking CXX shared library libpca_servo_interface__rosidl_typesupport_introspection_cpp.so[0m
[10.641s] [ 67%] [32m[1mLinking CXX shared library libpca_servo_interface__rosidl_typesupport_fastrtps_cpp.so[0m
[10.746s] [ 70%] [32m[1mLinking CXX shared library libpca_servo_interface__rosidl_typesupport_fastrtps_c.so[0m
[10.803s] [ 70%] Built target pca_servo_interface__rosidl_typesupport_introspection_cpp
[10.899s] [ 70%] Built target pca_servo_interface__rosidl_typesupport_fastrtps_cpp
[11.043s] [ 70%] Built target pca_servo_interface__rosidl_typesupport_fastrtps_c
[11.073s] [ 70%] Built target pca_servo_interface
[11.104s] [ 74%] [34m[1mGenerating Python code for ROS interfaces[0m
[12.160s] [ 74%] Built target pca_servo_interface__py
[12.204s] [ 77%] [32mBuilding C object CMakeFiles/pca_servo_interface__rosidl_generator_py.dir/rosidl_generator_py/pca_servo_interface/action/_pca_servo_s.c.o[0m
[12.616s] [ 80%] [32m[1mLinking C shared library rosidl_generator_py/pca_servo_interface/libpca_servo_interface__rosidl_generator_py.so[0m
[12.970s] [ 80%] Built target pca_servo_interface__rosidl_generator_py
[12.998s] [ 90%] [32mBuilding C object CMakeFiles/pca_servo_interface__rosidl_typesupport_c__pyext.dir/rosidl_generator_py/pca_servo_interface/_pca_servo_interface_s.ep.rosidl_typesupport_c.c.o[0m
[12.998s] [ 90%] [32mBuilding C object CMakeFiles/pca_servo_interface__rosidl_typesupport_fastrtps_c__pyext.dir/rosidl_generator_py/pca_servo_interface/_pca_servo_interface_s.ep.rosidl_typesupport_fastrtps_c.c.o[0m
[12.998s] [ 90%] [32mBuilding C object CMakeFiles/pca_servo_interface__rosidl_typesupport_introspection_c__pyext.dir/rosidl_generator_py/pca_servo_interface/_pca_servo_interface_s.ep.rosidl_typesupport_introspection_c.c.o[0m
[13.175s] [ 93%] [32m[1mLinking C shared library rosidl_generator_py/pca_servo_interface/pca_servo_interface_s__rosidl_typesupport_introspection_c.cpython-310-x86_64-linux-gnu.so[0m
[13.179s] [ 96%] [32m[1mLinking C shared library rosidl_generator_py/pca_servo_interface/pca_servo_interface_s__rosidl_typesupport_fastrtps_c.cpython-310-x86_64-linux-gnu.so[0m
[13.182s] [100%] [32m[1mLinking C shared library rosidl_generator_py/pca_servo_interface/pca_servo_interface_s__rosidl_typesupport_c.cpython-310-x86_64-linux-gnu.so[0m
[13.308s] [100%] Built target pca_servo_interface__rosidl_typesupport_fastrtps_c__pyext
[13.308s] [100%] Built target pca_servo_interface__rosidl_typesupport_introspection_c__pyext
[13.353s] [100%] Built target pca_servo_interface__rosidl_typesupport_c__pyext
[13.366s] Invoked command in '/home/ad/clue_ws/build/pca_servo_interface' returned '0': CMAKE_PREFIX_PATH=/opt/ros/humble /usr/bin/cmake --build /home/ad/clue_ws/build/pca_servo_interface -- -j8 -l8
[13.584s] Invoking command in '/home/ad/clue_ws/build/pca_servo_interface': CMAKE_PREFIX_PATH=/opt/ros/humble /usr/bin/cmake --install /home/ad/clue_ws/build/pca_servo_interface
[13.610s] -- Install configuration: ""
[13.612s] -- Installing: /home/ad/clue_ws/install/pca_servo_interface/share/ament_index/resource_index/rosidl_interfaces/pca_servo_interface
[13.613s] -- Installing: /home/ad/clue_ws/install/pca_servo_interface/include/pca_servo_interface/pca_servo_interface
[13.614s] -- Installing: /home/ad/clue_ws/install/pca_servo_interface/include/pca_servo_interface/pca_servo_interface/msg
[13.615s] -- Installing: /home/ad/clue_ws/install/pca_servo_interface/include/pca_servo_interface/pca_servo_interface/msg/rosidl_generator_c__visibility_control.h
[13.617s] -- Installing: /home/ad/clue_ws/install/pca_servo_interface/include/pca_servo_interface/pca_servo_interface/action
[13.617s] -- Installing: /home/ad/clue_ws/install/pca_servo_interface/include/pca_servo_interface/pca_servo_interface/action/pca_servo.h
[13.618s] -- Installing: /home/ad/clue_ws/install/pca_servo_interface/include/pca_servo_interface/pca_servo_interface/action/detail
[13.619s] -- Installing: /home/ad/clue_ws/install/pca_servo_interface/include/pca_servo_interface/pca_servo_interface/action/detail/pca_servo__functions.h
[13.620s] -- Installing: /home/ad/clue_ws/install/pca_servo_interface/include/pca_servo_interface/pca_servo_interface/action/detail/pca_servo__functions.c
[13.620s] -- Installing: /home/ad/clue_ws/install/pca_servo_interface/include/pca_servo_interface/pca_servo_interface/action/detail/pca_servo__struct.h
[13.621s] -- Installing: /home/ad/clue_ws/install/pca_servo_interface/include/pca_servo_interface/pca_servo_interface/action/detail/pca_servo__type_support.h
[13.621s] -- Installing: /home/ad/clue_ws/install/pca_servo_interface/share/pca_servo_interface/environment/library_path.sh
[13.621s] -- Installing: /home/ad/clue_ws/install/pca_servo_interface/share/pca_servo_interface/environment/library_path.dsv
[13.622s] -- Installing: /home/ad/clue_ws/install/pca_servo_interface/lib/libpca_servo_interface__rosidl_generator_c.so
[13.625s] -- Set runtime path of "/home/ad/clue_ws/install/pca_servo_interface/lib/libpca_servo_interface__rosidl_generator_c.so" to ""
[13.625s] -- Up-to-date: /home/ad/clue_ws/install/pca_servo_interface/include/pca_servo_interface/pca_servo_interface
[13.626s] -- Up-to-date: /home/ad/clue_ws/install/pca_servo_interface/include/pca_servo_interface/pca_servo_interface/msg
[13.626s] -- Installing: /home/ad/clue_ws/install/pca_servo_interface/include/pca_servo_interface/pca_servo_interface/msg/rosidl_typesupport_fastrtps_c__visibility_control.h
[13.626s] -- Up-to-date: /home/ad/clue_ws/install/pca_servo_interface/include/pca_servo_interface/pca_servo_interface/action
[13.627s] -- Up-to-date: /home/ad/clue_ws/install/pca_servo_interface/include/pca_servo_interface/pca_servo_interface/action/detail
[13.627s] -- Installing: /home/ad/clue_ws/install/pca_servo_interface/include/pca_servo_interface/pca_servo_interface/action/detail/pca_servo__rosidl_typesupport_fastrtps_c.h
[13.627s] -- Installing: /home/ad/clue_ws/install/pca_servo_interface/lib/libpca_servo_interface__rosidl_typesupport_fastrtps_c.so
[13.628s] -- Set runtime path of "/home/ad/clue_ws/install/pca_servo_interface/lib/libpca_servo_interface__rosidl_typesupport_fastrtps_c.so" to ""
[13.628s] -- Up-to-date: /home/ad/clue_ws/install/pca_servo_interface/include/pca_servo_interface/pca_servo_interface
[13.629s] -- Up-to-date: /home/ad/clue_ws/install/pca_servo_interface/include/pca_servo_interface/pca_servo_interface/msg
[13.629s] -- Installing: /home/ad/clue_ws/install/pca_servo_interface/include/pca_servo_interface/pca_servo_interface/msg/rosidl_typesupport_introspection_c__visibility_control.h
[13.630s] -- Up-to-date: /home/ad/clue_ws/install/pca_servo_interface/include/pca_servo_interface/pca_servo_interface/action
[13.630s] -- Up-to-date: /home/ad/clue_ws/install/pca_servo_interface/include/pca_servo_interface/pca_servo_interface/action/detail
[13.630s] -- Installing: /home/ad/clue_ws/install/pca_servo_interface/include/pca_servo_interface/pca_servo_interface/action/detail/pca_servo__rosidl_typesupport_introspection_c.h
[13.630s] -- Installing: /home/ad/clue_ws/install/pca_servo_interface/include/pca_servo_interface/pca_servo_interface/action/detail/pca_servo__type_support.c
[13.630s] -- Installing: /home/ad/clue_ws/install/pca_servo_interface/lib/libpca_servo_interface__rosidl_typesupport_introspection_c.so
[13.631s] -- Set runtime path of "/home/ad/clue_ws/install/pca_servo_interface/lib/libpca_servo_interface__rosidl_typesupport_introspection_c.so" to ""
[13.631s] -- Installing: /home/ad/clue_ws/install/pca_servo_interface/lib/libpca_servo_interface__rosidl_typesupport_c.so
[13.632s] -- Set runtime path of "/home/ad/clue_ws/install/pca_servo_interface/lib/libpca_servo_interface__rosidl_typesupport_c.so" to ""
[13.632s] -- Up-to-date: /home/ad/clue_ws/install/pca_servo_interface/include/pca_servo_interface/pca_servo_interface
[13.632s] -- Up-to-date: /home/ad/clue_ws/install/pca_servo_interface/include/pca_servo_interface/pca_servo_interface/action
[13.633s] -- Installing: /home/ad/clue_ws/install/pca_servo_interface/include/pca_servo_interface/pca_servo_interface/action/pca_servo.hpp
[13.633s] -- Up-to-date: /home/ad/clue_ws/install/pca_servo_interface/include/pca_servo_interface/pca_servo_interface/action/detail
[13.634s] -- Installing: /home/ad/clue_ws/install/pca_servo_interface/include/pca_servo_interface/pca_servo_interface/action/detail/pca_servo__struct.hpp
[13.634s] -- Installing: /home/ad/clue_ws/install/pca_servo_interface/include/pca_servo_interface/pca_servo_interface/action/detail/pca_servo__builder.hpp
[13.634s] -- Installing: /home/ad/clue_ws/install/pca_servo_interface/include/pca_servo_interface/pca_servo_interface/action/detail/pca_servo__traits.hpp
[13.635s] -- Up-to-date: /home/ad/clue_ws/install/pca_servo_interface/include/pca_servo_interface/pca_servo_interface
[13.636s] -- Up-to-date: /home/ad/clue_ws/install/pca_servo_interface/include/pca_servo_interface/pca_servo_interface/msg
[13.636s] -- Installing: /home/ad/clue_ws/install/pca_servo_interface/include/pca_servo_interface/pca_servo_interface/msg/rosidl_typesupport_fastrtps_cpp__visibility_control.h
[13.636s] -- Up-to-date: /home/ad/clue_ws/install/pca_servo_interface/include/pca_servo_interface/pca_servo_interface/action
[13.637s] -- Up-to-date: /home/ad/clue_ws/install/pca_servo_interface/include/pca_servo_interface/pca_servo_interface/action/detail
[13.638s] -- Installing: /home/ad/clue_ws/install/pca_servo_interface/include/pca_servo_interface/pca_servo_interface/action/detail/dds_fastrtps
[13.638s] -- Installing: /home/ad/clue_ws/install/pca_servo_interface/include/pca_servo_interface/pca_servo_interface/action/detail/pca_servo__rosidl_typesupport_fastrtps_cpp.hpp
[13.638s] -- Installing: /home/ad/clue_ws/install/pca_servo_interface/lib/libpca_servo_interface__rosidl_typesupport_fastrtps_cpp.so
[13.638s] -- Set runtime path of "/home/ad/clue_ws/install/pca_servo_interface/lib/libpca_servo_interface__rosidl_typesupport_fastrtps_cpp.so" to ""
[13.639s] -- Up-to-date: /home/ad/clue_ws/install/pca_servo_interface/include/pca_servo_interface/pca_servo_interface
[13.639s] -- Up-to-date: /home/ad/clue_ws/install/pca_servo_interface/include/pca_servo_interface/pca_servo_interface/action
[13.639s] -- Up-to-date: /home/ad/clue_ws/install/pca_servo_interface/include/pca_servo_interface/pca_servo_interface/action/detail
[13.640s] -- Installing: /home/ad/clue_ws/install/pca_servo_interface/include/pca_servo_interface/pca_servo_interface/action/detail/pca_servo__rosidl_typesupport_introspection_cpp.hpp
[13.640s] -- Installing: /home/ad/clue_ws/install/pca_servo_interface/include/pca_servo_interface/pca_servo_interface/action/detail/pca_servo__type_support.cpp
[13.640s] -- Installing: /home/ad/clue_ws/install/pca_servo_interface/lib/libpca_servo_interface__rosidl_typesupport_introspection_cpp.so
[13.641s] -- Set runtime path of "/home/ad/clue_ws/install/pca_servo_interface/lib/libpca_servo_interface__rosidl_typesupport_introspection_cpp.so" to ""
[13.641s] -- Installing: /home/ad/clue_ws/install/pca_servo_interface/lib/libpca_servo_interface__rosidl_typesupport_cpp.so
[13.642s] -- Set runtime path of "/home/ad/clue_ws/install/pca_servo_interface/lib/libpca_servo_interface__rosidl_typesupport_cpp.so" to ""
[13.642s] -- Installing: /home/ad/clue_ws/install/pca_servo_interface/share/pca_servo_interface/environment/pythonpath.sh
[13.642s] -- Installing: /home/ad/clue_ws/install/pca_servo_interface/share/pca_servo_interface/environment/pythonpath.dsv
[13.642s] -- Installing: /home/ad/clue_ws/install/pca_servo_interface/local/lib/python3.10/dist-packages/pca_servo_interface-0.7.1-py3.10.egg-info
[13.643s] -- Installing: /home/ad/clue_ws/install/pca_servo_interface/local/lib/python3.10/dist-packages/pca_servo_interface-0.7.1-py3.10.egg-info/PKG-INFO
[13.643s] -- Installing: /home/ad/clue_ws/install/pca_servo_interface/local/lib/python3.10/dist-packages/pca_servo_interface-0.7.1-py3.10.egg-info/SOURCES.txt
[13.644s] -- Installing: /home/ad/clue_ws/install/pca_servo_interface/local/lib/python3.10/dist-packages/pca_servo_interface-0.7.1-py3.10.egg-info/top_level.txt
[13.644s] -- Installing: /home/ad/clue_ws/install/pca_servo_interface/local/lib/python3.10/dist-packages/pca_servo_interface-0.7.1-py3.10.egg-info/dependency_links.txt
[13.644s] -- Installing: /home/ad/clue_ws/install/pca_servo_interface/local/lib/python3.10/dist-packages/pca_servo_interface
[13.645s] -- Installing: /home/ad/clue_ws/install/pca_servo_interface/local/lib/python3.10/dist-packages/pca_servo_interface/pca_servo_interface_s__rosidl_typesupport_c.cpython-310-x86_64-linux-gnu.so
[13.645s] -- Installing: /home/ad/clue_ws/install/pca_servo_interface/local/lib/python3.10/dist-packages/pca_servo_interface/libpca_servo_interface__rosidl_generator_py.so
[13.646s] -- Installing: /home/ad/clue_ws/install/pca_servo_interface/local/lib/python3.10/dist-packages/pca_servo_interface/_pca_servo_interface_s.ep.rosidl_typesupport_c.c
[13.646s] -- Installing: /home/ad/clue_ws/install/pca_servo_interface/local/lib/python3.10/dist-packages/pca_servo_interface/pca_servo_interface_s__rosidl_typesupport_introspection_c.cpython-310-x86_64-linux-gnu.so
[13.646s] -- Installing: /home/ad/clue_ws/install/pca_servo_interface/local/lib/python3.10/dist-packages/pca_servo_interface/_pca_servo_interface_s.ep.rosidl_typesupport_fastrtps_c.c
[13.647s] -- Installing: /home/ad/clue_ws/install/pca_servo_interface/local/lib/python3.10/dist-packages/pca_servo_interface/__init__.py
[13.647s] -- Installing: /home/ad/clue_ws/install/pca_servo_interface/local/lib/python3.10/dist-packages/pca_servo_interface/pca_servo_interface_s__rosidl_typesupport_fastrtps_c.cpython-310-x86_64-linux-gnu.so
[13.648s] -- Installing: /home/ad/clue_ws/install/pca_servo_interface/local/lib/python3.10/dist-packages/pca_servo_interface/_pca_servo_interface_s.ep.rosidl_typesupport_introspection_c.c
[13.648s] -- Installing: /home/ad/clue_ws/install/pca_servo_interface/local/lib/python3.10/dist-packages/pca_servo_interface/action
[13.649s] -- Installing: /home/ad/clue_ws/install/pca_servo_interface/local/lib/python3.10/dist-packages/pca_servo_interface/action/_pca_servo_s.c
[13.649s] -- Installing: /home/ad/clue_ws/install/pca_servo_interface/local/lib/python3.10/dist-packages/pca_servo_interface/action/__init__.py
[13.650s] -- Installing: /home/ad/clue_ws/install/pca_servo_interface/local/lib/python3.10/dist-packages/pca_servo_interface/action/_pca_servo.py
[13.772s] Listing '/home/ad/clue_ws/install/pca_servo_interface/local/lib/python3.10/dist-packages/pca_servo_interface'...
[13.772s] Compiling '/home/ad/clue_ws/install/pca_servo_interface/local/lib/python3.10/dist-packages/pca_servo_interface/__init__.py'...
[13.772s] Listing '/home/ad/clue_ws/install/pca_servo_interface/local/lib/python3.10/dist-packages/pca_servo_interface/action'...
[13.772s] Compiling '/home/ad/clue_ws/install/pca_servo_interface/local/lib/python3.10/dist-packages/pca_servo_interface/action/__init__.py'...
[13.772s] Compiling '/home/ad/clue_ws/install/pca_servo_interface/local/lib/python3.10/dist-packages/pca_servo_interface/action/_pca_servo.py'...
[13.778s] -- Installing: /home/ad/clue_ws/install/pca_servo_interface/local/lib/python3.10/dist-packages/pca_servo_interface/pca_servo_interface_s__rosidl_typesupport_fastrtps_c.cpython-310-x86_64-linux-gnu.so
[13.778s] -- Set runtime path of "/home/ad/clue_ws/install/pca_servo_interface/local/lib/python3.10/dist-packages/pca_servo_interface/pca_servo_interface_s__rosidl_typesupport_fastrtps_c.cpython-310-x86_64-linux-gnu.so" to ""
[13.778s] -- Installing: /home/ad/clue_ws/install/pca_servo_interface/local/lib/python3.10/dist-packages/pca_servo_interface/pca_servo_interface_s__rosidl_typesupport_introspection_c.cpython-310-x86_64-linux-gnu.so
[13.779s] -- Set runtime path of "/home/ad/clue_ws/install/pca_servo_interface/local/lib/python3.10/dist-packages/pca_servo_interface/pca_servo_interface_s__rosidl_typesupport_introspection_c.cpython-310-x86_64-linux-gnu.so" to ""
[13.779s] -- Installing: /home/ad/clue_ws/install/pca_servo_interface/local/lib/python3.10/dist-packages/pca_servo_interface/pca_servo_interface_s__rosidl_typesupport_c.cpython-310-x86_64-linux-gnu.so
[13.780s] -- Set runtime path of "/home/ad/clue_ws/install/pca_servo_interface/local/lib/python3.10/dist-packages/pca_servo_interface/pca_servo_interface_s__rosidl_typesupport_c.cpython-310-x86_64-linux-gnu.so" to ""
[13.780s] -- Installing: /home/ad/clue_ws/install/pca_servo_interface/lib/libpca_servo_interface__rosidl_generator_py.so
[13.781s] -- Set runtime path of "/home/ad/clue_ws/install/pca_servo_interface/lib/libpca_servo_interface__rosidl_generator_py.so" to ""
[13.781s] -- Installing: /home/ad/clue_ws/install/pca_servo_interface/share/pca_servo_interface/action/PCAServo.idl
[13.781s] -- Installing: /home/ad/clue_ws/install/pca_servo_interface/share/pca_servo_interface/action/PCAServo.action
[13.782s] -- Installing: /home/ad/clue_ws/install/pca_servo_interface/share/ament_index/resource_index/package_run_dependencies/pca_servo_interface
[13.782s] -- Installing: /home/ad/clue_ws/install/pca_servo_interface/share/ament_index/resource_index/parent_prefix_path/pca_servo_interface
[13.782s] -- Installing: /home/ad/clue_ws/install/pca_servo_interface/share/pca_servo_interface/environment/ament_prefix_path.sh
[13.783s] -- Installing: /home/ad/clue_ws/install/pca_servo_interface/share/pca_servo_interface/environment/ament_prefix_path.dsv
[13.783s] -- Installing: /home/ad/clue_ws/install/pca_servo_interface/share/pca_servo_interface/environment/path.sh
[13.783s] -- Installing: /home/ad/clue_ws/install/pca_servo_interface/share/pca_servo_interface/environment/path.dsv
[13.784s] -- Installing: /home/ad/clue_ws/install/pca_servo_interface/share/pca_servo_interface/local_setup.bash
[13.784s] -- Installing: /home/ad/clue_ws/install/pca_servo_interface/share/pca_servo_interface/local_setup.sh
[13.784s] -- Installing: /home/ad/clue_ws/install/pca_servo_interface/share/pca_servo_interface/local_setup.zsh
[13.784s] -- Installing: /home/ad/clue_ws/install/pca_servo_interface/share/pca_servo_interface/local_setup.dsv
[13.784s] -- Installing: /home/ad/clue_ws/install/pca_servo_interface/share/pca_servo_interface/package.dsv
[13.784s] -- Installing: /home/ad/clue_ws/install/pca_servo_interface/share/ament_index/resource_index/packages/pca_servo_interface
[13.785s] -- Installing: /home/ad/clue_ws/install/pca_servo_interface/share/pca_servo_interface/cmake/export_pca_servo_interface__rosidl_generator_cExport.cmake
[13.785s] -- Installing: /home/ad/clue_ws/install/pca_servo_interface/share/pca_servo_interface/cmake/export_pca_servo_interface__rosidl_generator_cExport-noconfig.cmake
[13.785s] -- Installing: /home/ad/clue_ws/install/pca_servo_interface/share/pca_servo_interface/cmake/export_pca_servo_interface__rosidl_typesupport_fastrtps_cExport.cmake
[13.786s] -- Installing: /home/ad/clue_ws/install/pca_servo_interface/share/pca_servo_interface/cmake/export_pca_servo_interface__rosidl_typesupport_fastrtps_cExport-noconfig.cmake
[13.786s] -- Installing: /home/ad/clue_ws/install/pca_servo_interface/share/pca_servo_interface/cmake/pca_servo_interface__rosidl_typesupport_introspection_cExport.cmake
[13.786s] -- Installing: /home/ad/clue_ws/install/pca_servo_interface/share/pca_servo_interface/cmake/pca_servo_interface__rosidl_typesupport_introspection_cExport-noconfig.cmake
[13.786s] -- Installing: /home/ad/clue_ws/install/pca_servo_interface/share/pca_servo_interface/cmake/pca_servo_interface__rosidl_typesupport_cExport.cmake
[13.786s] -- Installing: /home/ad/clue_ws/install/pca_servo_interface/share/pca_servo_interface/cmake/pca_servo_interface__rosidl_typesupport_cExport-noconfig.cmake
[13.787s] -- Installing: /home/ad/clue_ws/install/pca_servo_interface/share/pca_servo_interface/cmake/export_pca_servo_interface__rosidl_generator_cppExport.cmake
[13.787s] -- Installing: /home/ad/clue_ws/install/pca_servo_interface/share/pca_servo_interface/cmake/export_pca_servo_interface__rosidl_typesupport_fastrtps_cppExport.cmake
[13.787s] -- Installing: /home/ad/clue_ws/install/pca_servo_interface/share/pca_servo_interface/cmake/export_pca_servo_interface__rosidl_typesupport_fastrtps_cppExport-noconfig.cmake
[13.787s] -- Installing: /home/ad/clue_ws/install/pca_servo_interface/share/pca_servo_interface/cmake/pca_servo_interface__rosidl_typesupport_introspection_cppExport.cmake
[13.787s] -- Installing: /home/ad/clue_ws/install/pca_servo_interface/share/pca_servo_interface/cmake/pca_servo_interface__rosidl_typesupport_introspection_cppExport-noconfig.cmake
[13.788s] -- Installing: /home/ad/clue_ws/install/pca_servo_interface/share/pca_servo_interface/cmake/pca_servo_interface__rosidl_typesupport_cppExport.cmake
[13.788s] -- Installing: /home/ad/clue_ws/install/pca_servo_interface/share/pca_servo_interface/cmake/pca_servo_interface__rosidl_typesupport_cppExport-noconfig.cmake
[13.788s] -- Installing: /home/ad/clue_ws/install/pca_servo_interface/share/pca_servo_interface/cmake/export_pca_servo_interface__rosidl_generator_pyExport.cmake
[13.788s] -- Installing: /home/ad/clue_ws/install/pca_servo_interface/share/pca_servo_interface/cmake/export_pca_servo_interface__rosidl_generator_pyExport-noconfig.cmake
[13.789s] -- Installing: /home/ad/clue_ws/install/pca_servo_interface/share/pca_servo_interface/cmake/rosidl_cmake-extras.cmake
[13.789s] -- Installing: /home/ad/clue_ws/install/pca_servo_interface/share/pca_servo_interface/cmake/ament_cmake_export_dependencies-extras.cmake
[13.789s] -- Installing: /home/ad/clue_ws/install/pca_servo_interface/share/pca_servo_interface/cmake/ament_cmake_export_include_directories-extras.cmake
[13.790s] -- Installing: /home/ad/clue_ws/install/pca_servo_interface/share/pca_servo_interface/cmake/ament_cmake_export_libraries-extras.cmake
[13.790s] -- Installing: /home/ad/clue_ws/install/pca_servo_interface/share/pca_servo_interface/cmake/ament_cmake_export_targets-extras.cmake
[13.790s] -- Installing: /home/ad/clue_ws/install/pca_servo_interface/share/pca_servo_interface/cmake/rosidl_cmake_export_typesupport_targets-extras.cmake
[13.790s] -- Installing: /home/ad/clue_ws/install/pca_servo_interface/share/pca_servo_interface/cmake/rosidl_cmake_export_typesupport_libraries-extras.cmake
[13.790s] -- Installing: /home/ad/clue_ws/install/pca_servo_interface/share/pca_servo_interface/cmake/pca_servo_interfaceConfig.cmake
[13.790s] -- Installing: /home/ad/clue_ws/install/pca_servo_interface/share/pca_servo_interface/cmake/pca_servo_interfaceConfig-version.cmake
[13.790s] -- Installing: /home/ad/clue_ws/install/pca_servo_interface/share/pca_servo_interface/package.xml
[13.793s] Invoked command in '/home/ad/clue_ws/build/pca_servo_interface' returned '0': CMAKE_PREFIX_PATH=/opt/ros/humble /usr/bin/cmake --install /home/ad/clue_ws/build/pca_servo_interface
