[0.251s] DEBUG:colcon:Command line arguments: ['/usr/bin/colcon', 'build']
[0.251s] DEBUG:colcon:Parsed command line arguments: Namespace(log_base=None, log_level=None, verb_name='build', build_base='build', install_base='install', merge_install=False, symlink_install=False, test_result_base=None, continue_on_error=False, executor='parallel', parallel_workers=8, event_handlers=None, ignore_user_meta=False, metas=['./colcon.meta'], base_paths=['.'], packages_ignore=None, packages_ignore_regex=None, paths=None, packages_up_to=None, packages_up_to_regex=None, packages_above=None, packages_above_and_dependencies=None, packages_above_depth=None, packages_select_by_dep=None, packages_skip_by_dep=None, packages_skip_up_to=None, packages_select_build_failed=False, packages_skip_build_finished=False, packages_select_test_failures=False, packages_skip_test_passed=False, packages_select=None, packages_skip=None, packages_select_regex=None, packages_skip_regex=None, packages_start=None, packages_end=None, allow_overriding=[], cmake_args=None, cmake_target=None, cmake_target_skip_unavailable=False, cmake_clean_cache=False, cmake_clean_first=False, cmake_force_configure=False, ament_cmake_args=None, catkin_cmake_args=None, catkin_skip_building_tests=False, verb_parser=<colcon_defaults.argument_parser.defaults.DefaultArgumentsDecorator object at 0x7f5d356f7910>, verb_extension=<colcon_core.verb.build.BuildVerb object at 0x7f5d35838400>, main=<bound method BuildVerb.main of <colcon_core.verb.build.BuildVerb object at 0x7f5d35838400>>)
[0.438s] Level 1:colcon.colcon_core.package_discovery:discover_packages(colcon_meta) check parameters
[0.438s] Level 1:colcon.colcon_core.package_discovery:discover_packages(recursive) check parameters
[0.438s] Level 1:colcon.colcon_core.package_discovery:discover_packages(ignore) check parameters
[0.438s] Level 1:colcon.colcon_core.package_discovery:discover_packages(path) check parameters
[0.438s] Level 1:colcon.colcon_core.package_discovery:discover_packages(colcon_meta) discover
[0.438s] Level 1:colcon.colcon_core.package_discovery:discover_packages(recursive) discover
[0.438s] INFO:colcon.colcon_core.package_discovery:Crawling recursively for packages in '/home/ad/clue_ws'
[0.438s] Level 1:colcon.colcon_core.package_identification:_identify(.) by extensions ['ignore', 'ignore_ament_install']
[0.438s] Level 1:colcon.colcon_core.package_identification:_identify(.) by extension 'ignore'
[0.438s] Level 1:colcon.colcon_core.package_identification:_identify(.) by extension 'ignore_ament_install'
[0.438s] Level 1:colcon.colcon_core.package_identification:_identify(.) by extensions ['colcon_pkg']
[0.439s] Level 1:colcon.colcon_core.package_identification:_identify(.) by extension 'colcon_pkg'
[0.439s] Level 1:colcon.colcon_core.package_identification:_identify(.) by extensions ['colcon_meta']
[0.439s] Level 1:colcon.colcon_core.package_identification:_identify(.) by extension 'colcon_meta'
[0.439s] Level 1:colcon.colcon_core.package_identification:_identify(.) by extensions ['ros']
[0.439s] Level 1:colcon.colcon_core.package_identification:_identify(.) by extension 'ros'
[0.456s] Level 1:colcon.colcon_core.package_identification:_identify(.) by extensions ['cmake', 'python']
[0.456s] Level 1:colcon.colcon_core.package_identification:_identify(.) by extension 'cmake'
[0.456s] Level 1:colcon.colcon_core.package_identification:_identify(.) by extension 'python'
[0.456s] Level 1:colcon.colcon_core.package_identification:_identify(.) by extensions ['python_setup_py']
[0.456s] Level 1:colcon.colcon_core.package_identification:_identify(.) by extension 'python_setup_py'
[0.456s] Level 1:colcon.colcon_core.package_identification:_identify(build) by extensions ['ignore', 'ignore_ament_install']
[0.456s] Level 1:colcon.colcon_core.package_identification:_identify(build) by extension 'ignore'
[0.456s] Level 1:colcon.colcon_core.package_identification:_identify(build) ignored
[0.457s] Level 1:colcon.colcon_core.package_identification:_identify(install) by extensions ['ignore', 'ignore_ament_install']
[0.457s] Level 1:colcon.colcon_core.package_identification:_identify(install) by extension 'ignore'
[0.457s] Level 1:colcon.colcon_core.package_identification:_identify(install) ignored
[0.457s] Level 1:colcon.colcon_core.package_identification:_identify(log) by extensions ['ignore', 'ignore_ament_install']
[0.457s] Level 1:colcon.colcon_core.package_identification:_identify(log) by extension 'ignore'
[0.457s] Level 1:colcon.colcon_core.package_identification:_identify(log) ignored
[0.457s] Level 1:colcon.colcon_core.package_identification:_identify(ros2_pca_servo) by extensions ['ignore', 'ignore_ament_install']
[0.457s] Level 1:colcon.colcon_core.package_identification:_identify(ros2_pca_servo) by extension 'ignore'
[0.457s] Level 1:colcon.colcon_core.package_identification:_identify(ros2_pca_servo) by extension 'ignore_ament_install'
[0.457s] Level 1:colcon.colcon_core.package_identification:_identify(ros2_pca_servo) by extensions ['colcon_pkg']
[0.457s] Level 1:colcon.colcon_core.package_identification:_identify(ros2_pca_servo) by extension 'colcon_pkg'
[0.457s] Level 1:colcon.colcon_core.package_identification:_identify(ros2_pca_servo) by extensions ['colcon_meta']
[0.457s] Level 1:colcon.colcon_core.package_identification:_identify(ros2_pca_servo) by extension 'colcon_meta'
[0.458s] Level 1:colcon.colcon_core.package_identification:_identify(ros2_pca_servo) by extensions ['ros']
[0.458s] Level 1:colcon.colcon_core.package_identification:_identify(ros2_pca_servo) by extension 'ros'
[0.458s] Level 1:colcon.colcon_core.package_identification:_identify(ros2_pca_servo) by extensions ['cmake', 'python']
[0.458s] Level 1:colcon.colcon_core.package_identification:_identify(ros2_pca_servo) by extension 'cmake'
[0.458s] Level 1:colcon.colcon_core.package_identification:_identify(ros2_pca_servo) by extension 'python'
[0.458s] Level 1:colcon.colcon_core.package_identification:_identify(ros2_pca_servo) by extensions ['python_setup_py']
[0.458s] Level 1:colcon.colcon_core.package_identification:_identify(ros2_pca_servo) by extension 'python_setup_py'
[0.458s] Level 1:colcon.colcon_core.package_identification:_identify(ros2_pca_servo/pca_servo) by extensions ['ignore', 'ignore_ament_install']
[0.458s] Level 1:colcon.colcon_core.package_identification:_identify(ros2_pca_servo/pca_servo) by extension 'ignore'
[0.458s] Level 1:colcon.colcon_core.package_identification:_identify(ros2_pca_servo/pca_servo) by extension 'ignore_ament_install'
[0.458s] Level 1:colcon.colcon_core.package_identification:_identify(ros2_pca_servo/pca_servo) by extensions ['colcon_pkg']
[0.458s] Level 1:colcon.colcon_core.package_identification:_identify(ros2_pca_servo/pca_servo) by extension 'colcon_pkg'
[0.458s] Level 1:colcon.colcon_core.package_identification:_identify(ros2_pca_servo/pca_servo) by extensions ['colcon_meta']
[0.458s] Level 1:colcon.colcon_core.package_identification:_identify(ros2_pca_servo/pca_servo) by extension 'colcon_meta'
[0.458s] Level 1:colcon.colcon_core.package_identification:_identify(ros2_pca_servo/pca_servo) by extensions ['ros']
[0.458s] Level 1:colcon.colcon_core.package_identification:_identify(ros2_pca_servo/pca_servo) by extension 'ros'
[0.461s] DEBUG:colcon.colcon_core.package_identification:Package 'ros2_pca_servo/pca_servo' with type 'ros.ament_python' and name 'pca_servo'
[0.461s] Level 1:colcon.colcon_core.package_identification:_identify(ros2_pca_servo/pca_servo_interface) by extensions ['ignore', 'ignore_ament_install']
[0.461s] Level 1:colcon.colcon_core.package_identification:_identify(ros2_pca_servo/pca_servo_interface) by extension 'ignore'
[0.461s] Level 1:colcon.colcon_core.package_identification:_identify(ros2_pca_servo/pca_servo_interface) by extension 'ignore_ament_install'
[0.462s] Level 1:colcon.colcon_core.package_identification:_identify(ros2_pca_servo/pca_servo_interface) by extensions ['colcon_pkg']
[0.462s] Level 1:colcon.colcon_core.package_identification:_identify(ros2_pca_servo/pca_servo_interface) by extension 'colcon_pkg'
[0.462s] Level 1:colcon.colcon_core.package_identification:_identify(ros2_pca_servo/pca_servo_interface) by extensions ['colcon_meta']
[0.462s] Level 1:colcon.colcon_core.package_identification:_identify(ros2_pca_servo/pca_servo_interface) by extension 'colcon_meta'
[0.462s] Level 1:colcon.colcon_core.package_identification:_identify(ros2_pca_servo/pca_servo_interface) by extensions ['ros']
[0.462s] Level 1:colcon.colcon_core.package_identification:_identify(ros2_pca_servo/pca_servo_interface) by extension 'ros'
[0.462s] DEBUG:colcon.colcon_core.package_identification:Package 'ros2_pca_servo/pca_servo_interface' with type 'ros.ament_cmake' and name 'pi_gpio_interface'
[0.462s] Level 1:colcon.colcon_core.package_discovery:discover_packages(recursive) using defaults
[0.463s] Level 1:colcon.colcon_core.package_discovery:discover_packages(ignore) discover
[0.463s] Level 1:colcon.colcon_core.package_discovery:discover_packages(ignore) using defaults
[0.463s] Level 1:colcon.colcon_core.package_discovery:discover_packages(path) discover
[0.463s] Level 1:colcon.colcon_core.package_discovery:discover_packages(path) using defaults
[0.489s] Level 1:colcon.colcon_core.package_discovery:discover_packages(prefix_path) check parameters
[0.489s] Level 1:colcon.colcon_core.package_discovery:discover_packages(prefix_path) discover
[0.492s] DEBUG:colcon.colcon_installed_package_information.package_discovery:Found 270 installed packages in /opt/ros/humble
[0.495s] Level 1:colcon.colcon_core.package_discovery:discover_packages(prefix_path) using defaults
[0.557s] Level 5:colcon.colcon_core.verb:set package 'pca_servo' build argument 'cmake_args' from command line to 'None'
[0.557s] Level 5:colcon.colcon_core.verb:set package 'pca_servo' build argument 'cmake_target' from command line to 'None'
[0.557s] Level 5:colcon.colcon_core.verb:set package 'pca_servo' build argument 'cmake_target_skip_unavailable' from command line to 'False'
[0.557s] Level 5:colcon.colcon_core.verb:set package 'pca_servo' build argument 'cmake_clean_cache' from command line to 'False'
[0.557s] Level 5:colcon.colcon_core.verb:set package 'pca_servo' build argument 'cmake_clean_first' from command line to 'False'
[0.558s] Level 5:colcon.colcon_core.verb:set package 'pca_servo' build argument 'cmake_force_configure' from command line to 'False'
[0.558s] Level 5:colcon.colcon_core.verb:set package 'pca_servo' build argument 'ament_cmake_args' from command line to 'None'
[0.558s] Level 5:colcon.colcon_core.verb:set package 'pca_servo' build argument 'catkin_cmake_args' from command line to 'None'
[0.558s] Level 5:colcon.colcon_core.verb:set package 'pca_servo' build argument 'catkin_skip_building_tests' from command line to 'False'
[0.558s] DEBUG:colcon.colcon_core.verb:Building package 'pca_servo' with the following arguments: {'ament_cmake_args': None, 'build_base': '/home/ad/clue_ws/build/pca_servo', 'catkin_cmake_args': None, 'catkin_skip_building_tests': False, 'cmake_args': None, 'cmake_clean_cache': False, 'cmake_clean_first': False, 'cmake_force_configure': False, 'cmake_target': None, 'cmake_target_skip_unavailable': False, 'install_base': '/home/ad/clue_ws/install/pca_servo', 'merge_install': False, 'path': '/home/ad/clue_ws/ros2_pca_servo/pca_servo', 'symlink_install': False, 'test_result_base': None}
[0.558s] Level 5:colcon.colcon_core.verb:set package 'pi_gpio_interface' build argument 'cmake_args' from command line to 'None'
[0.558s] Level 5:colcon.colcon_core.verb:set package 'pi_gpio_interface' build argument 'cmake_target' from command line to 'None'
[0.558s] Level 5:colcon.colcon_core.verb:set package 'pi_gpio_interface' build argument 'cmake_target_skip_unavailable' from command line to 'False'
[0.558s] Level 5:colcon.colcon_core.verb:set package 'pi_gpio_interface' build argument 'cmake_clean_cache' from command line to 'False'
[0.558s] Level 5:colcon.colcon_core.verb:set package 'pi_gpio_interface' build argument 'cmake_clean_first' from command line to 'False'
[0.558s] Level 5:colcon.colcon_core.verb:set package 'pi_gpio_interface' build argument 'cmake_force_configure' from command line to 'False'
[0.558s] Level 5:colcon.colcon_core.verb:set package 'pi_gpio_interface' build argument 'ament_cmake_args' from command line to 'None'
[0.558s] Level 5:colcon.colcon_core.verb:set package 'pi_gpio_interface' build argument 'catkin_cmake_args' from command line to 'None'
[0.558s] Level 5:colcon.colcon_core.verb:set package 'pi_gpio_interface' build argument 'catkin_skip_building_tests' from command line to 'False'
[0.558s] DEBUG:colcon.colcon_core.verb:Building package 'pi_gpio_interface' with the following arguments: {'ament_cmake_args': None, 'build_base': '/home/ad/clue_ws/build/pi_gpio_interface', 'catkin_cmake_args': None, 'catkin_skip_building_tests': False, 'cmake_args': None, 'cmake_clean_cache': False, 'cmake_clean_first': False, 'cmake_force_configure': False, 'cmake_target': None, 'cmake_target_skip_unavailable': False, 'install_base': '/home/ad/clue_ws/install/pi_gpio_interface', 'merge_install': False, 'path': '/home/ad/clue_ws/ros2_pca_servo/pca_servo_interface', 'symlink_install': False, 'test_result_base': None}
[0.559s] INFO:colcon.colcon_core.executor:Executing jobs using 'parallel' executor
[0.560s] DEBUG:colcon.colcon_parallel_executor.executor.parallel:run_until_complete
[0.561s] INFO:colcon.colcon_ros.task.ament_python.build:Building ROS package in '/home/ad/clue_ws/ros2_pca_servo/pca_servo' with build type 'ament_python'
[0.561s] Level 1:colcon.colcon_core.shell:create_environment_hook('pca_servo', 'ament_prefix_path')
[0.564s] INFO:colcon.colcon_core.plugin_system:Skipping extension 'colcon_core.shell.bat': Not used on non-Windows systems
[0.564s] INFO:colcon.colcon_core.shell:Creating environment hook '/home/ad/clue_ws/install/pca_servo/share/pca_servo/hook/ament_prefix_path.ps1'
[0.567s] INFO:colcon.colcon_core.shell:Creating environment descriptor '/home/ad/clue_ws/install/pca_servo/share/pca_servo/hook/ament_prefix_path.dsv'
[0.567s] INFO:colcon.colcon_core.shell:Creating environment hook '/home/ad/clue_ws/install/pca_servo/share/pca_servo/hook/ament_prefix_path.sh'
[0.568s] INFO:colcon.colcon_core.shell:Skip shell extension 'powershell' for command environment: Not usable outside of PowerShell
[0.568s] DEBUG:colcon.colcon_core.shell:Skip shell extension 'dsv' for command environment
[0.572s] INFO:colcon.colcon_ros.task.ament_cmake.build:Building ROS package in '/home/ad/clue_ws/ros2_pca_servo/pca_servo_interface' with build type 'ament_cmake'
[0.573s] INFO:colcon.colcon_cmake.task.cmake.build:Building CMake package in '/home/ad/clue_ws/ros2_pca_servo/pca_servo_interface'
[0.573s] INFO:colcon.colcon_core.shell:Skip shell extension 'powershell' for command environment: Not usable outside of PowerShell
[0.573s] DEBUG:colcon.colcon_core.shell:Skip shell extension 'dsv' for command environment
[0.966s] INFO:colcon.colcon_core.task.python.build:Building Python package in '/home/ad/clue_ws/ros2_pca_servo/pca_servo'
[0.967s] INFO:colcon.colcon_core.shell:Skip shell extension 'powershell' for command environment: Not usable outside of PowerShell
[0.967s] DEBUG:colcon.colcon_core.shell:Skip shell extension 'dsv' for command environment
[0.978s] DEBUG:colcon.colcon_core.event_handler.log_command:Invoking command in '/home/ad/clue_ws/build/pi_gpio_interface': CMAKE_PREFIX_PATH=/opt/ros/humble /usr/bin/cmake /home/ad/clue_ws/ros2_pca_servo/pca_servo_interface -DCMAKE_INSTALL_PREFIX=/home/ad/clue_ws/install/pi_gpio_interface
[1.390s] DEBUG:colcon.colcon_core.event_handler.log_command:Invoking command in '/home/ad/clue_ws/ros2_pca_servo/pca_servo': PYTHONPATH=/home/ad/clue_ws/build/pca_servo/prefix_override:/home/ad/clue_ws/install/pca_servo/lib/python3.10/site-packages:${PYTHONPATH} /usr/bin/python3 -W ignore:setup.py install is deprecated setup.py egg_info --egg-base ../../build/pca_servo build --build-base /home/ad/clue_ws/build/pca_servo/build install --record /home/ad/clue_ws/build/pca_servo/install.log --single-version-externally-managed install_data
[1.753s] DEBUG:colcon.colcon_core.event_handler.log_command:Invoked command in '/home/ad/clue_ws/ros2_pca_servo/pca_servo' returned '0': PYTHONPATH=/home/ad/clue_ws/build/pca_servo/prefix_override:/home/ad/clue_ws/install/pca_servo/lib/python3.10/site-packages:${PYTHONPATH} /usr/bin/python3 -W ignore:setup.py install is deprecated setup.py egg_info --egg-base ../../build/pca_servo build --build-base /home/ad/clue_ws/build/pca_servo/build install --record /home/ad/clue_ws/build/pca_servo/install.log --single-version-externally-managed install_data
[1.768s] Level 1:colcon.colcon_core.environment:checking '/home/ad/clue_ws/install/pca_servo' for CMake module files
[1.769s] Level 1:colcon.colcon_core.environment:checking '/home/ad/clue_ws/install/pca_servo' for CMake config files
[1.770s] Level 1:colcon.colcon_core.environment:checking '/home/ad/clue_ws/install/pca_servo/lib'
[1.770s] Level 1:colcon.colcon_core.environment:checking '/home/ad/clue_ws/install/pca_servo/bin'
[1.770s] Level 1:colcon.colcon_core.environment:checking '/home/ad/clue_ws/install/pca_servo/lib/pkgconfig/pca_servo.pc'
[1.771s] Level 1:colcon.colcon_core.environment:checking '/home/ad/clue_ws/install/pca_servo/lib/python3.10/site-packages'
[1.771s] Level 1:colcon.colcon_core.shell:create_environment_hook('pca_servo', 'pythonpath')
[1.771s] INFO:colcon.colcon_core.shell:Creating environment hook '/home/ad/clue_ws/install/pca_servo/share/pca_servo/hook/pythonpath.ps1'
[1.772s] INFO:colcon.colcon_core.shell:Creating environment descriptor '/home/ad/clue_ws/install/pca_servo/share/pca_servo/hook/pythonpath.dsv'
[1.772s] INFO:colcon.colcon_core.shell:Creating environment hook '/home/ad/clue_ws/install/pca_servo/share/pca_servo/hook/pythonpath.sh'
[1.773s] Level 1:colcon.colcon_core.environment:checking '/home/ad/clue_ws/install/pca_servo/bin'
[1.773s] Level 1:colcon.colcon_core.environment:create_environment_scripts_only(pca_servo)
[1.773s] INFO:colcon.colcon_core.shell:Creating package script '/home/ad/clue_ws/install/pca_servo/share/pca_servo/package.ps1'
[1.777s] INFO:colcon.colcon_core.shell:Creating package descriptor '/home/ad/clue_ws/install/pca_servo/share/pca_servo/package.dsv'
[1.779s] INFO:colcon.colcon_core.shell:Creating package script '/home/ad/clue_ws/install/pca_servo/share/pca_servo/package.sh'
[1.780s] INFO:colcon.colcon_core.shell:Creating package script '/home/ad/clue_ws/install/pca_servo/share/pca_servo/package.bash'
[1.782s] INFO:colcon.colcon_core.shell:Creating package script '/home/ad/clue_ws/install/pca_servo/share/pca_servo/package.zsh'
[1.784s] Level 1:colcon.colcon_core.environment:create_file_with_runtime_dependencies(/home/ad/clue_ws/install/pca_servo/share/colcon-core/packages/pca_servo)
[1.790s] DEBUG:colcon.colcon_core.event_handler.log_command:Invoked command in '/home/ad/clue_ws/build/pi_gpio_interface' returned '1': CMAKE_PREFIX_PATH=/opt/ros/humble /usr/bin/cmake /home/ad/clue_ws/ros2_pca_servo/pca_servo_interface -DCMAKE_INSTALL_PREFIX=/home/ad/clue_ws/install/pi_gpio_interface
[1.808s] Level 1:colcon.colcon_core.environment:create_environment_scripts_only(pi_gpio_interface)
[1.809s] Level 1:colcon.colcon_core.environment:checking '/home/ad/clue_ws/install/pi_gpio_interface' for CMake module files
[1.809s] Level 1:colcon.colcon_core.environment:checking '/home/ad/clue_ws/install/pi_gpio_interface' for CMake config files
[1.810s] Level 1:colcon.colcon_core.environment:checking '/home/ad/clue_ws/install/pi_gpio_interface/bin'
[1.811s] Level 1:colcon.colcon_core.environment:checking '/home/ad/clue_ws/install/pi_gpio_interface/lib/pkgconfig/pi_gpio_interface.pc'
[1.811s] Level 1:colcon.colcon_core.environment:checking '/home/ad/clue_ws/install/pi_gpio_interface/lib/python3.10/site-packages'
[1.812s] Level 1:colcon.colcon_core.environment:checking '/home/ad/clue_ws/install/pi_gpio_interface/bin'
[1.813s] INFO:colcon.colcon_core.shell:Creating package script '/home/ad/clue_ws/install/pi_gpio_interface/share/pi_gpio_interface/package.ps1'
[1.815s] INFO:colcon.colcon_core.shell:Creating package descriptor '/home/ad/clue_ws/install/pi_gpio_interface/share/pi_gpio_interface/package.dsv'
[1.817s] INFO:colcon.colcon_core.shell:Creating package script '/home/ad/clue_ws/install/pi_gpio_interface/share/pi_gpio_interface/package.sh'
[1.817s] INFO:colcon.colcon_core.shell:Creating package script '/home/ad/clue_ws/install/pi_gpio_interface/share/pi_gpio_interface/package.bash'
[1.818s] INFO:colcon.colcon_core.shell:Creating package script '/home/ad/clue_ws/install/pi_gpio_interface/share/pi_gpio_interface/package.zsh'
[1.819s] Level 1:colcon.colcon_core.environment:create_file_with_runtime_dependencies(/home/ad/clue_ws/install/pi_gpio_interface/share/colcon-core/packages/pi_gpio_interface)
[1.822s] DEBUG:colcon.colcon_parallel_executor.executor.parallel:closing loop
[1.825s] DEBUG:colcon.colcon_parallel_executor.executor.parallel:loop closed
[1.825s] DEBUG:colcon.colcon_parallel_executor.executor.parallel:run_until_complete finished with '1'
[1.825s] DEBUG:colcon.colcon_core.event_reactor:joining thread
[2.103s] INFO:colcon.colcon_core.plugin_system:Skipping extension 'colcon_notification.desktop_notification.notify_send': Could not find 'notify-send'
[2.103s] INFO:colcon.colcon_core.plugin_system:Skipping extension 'colcon_notification.desktop_notification.terminal_notifier': Not used on non-Darwin systems
[2.104s] INFO:colcon.colcon_core.plugin_system:Skipping extension 'colcon_notification.desktop_notification.win32': Not used on non-Windows systems
[2.104s] INFO:colcon.colcon_notification.desktop_notification:Sending desktop notification using 'notify2'
[2.109s] DEBUG:colcon.colcon_notification.desktop_notification.notify2:Failed to initialize notify2: org.freedesktop.DBus.Error.ServiceUnknown: The name org.freedesktop.Notifications was not provided by any .service files
[2.109s] DEBUG:colcon.colcon_core.event_reactor:joined thread
[2.110s] INFO:colcon.colcon_core.shell:Creating prefix script '/home/ad/clue_ws/install/local_setup.ps1'
[2.112s] INFO:colcon.colcon_core.shell:Creating prefix util module '/home/ad/clue_ws/install/_local_setup_util_ps1.py'
[2.114s] INFO:colcon.colcon_core.shell:Creating prefix chain script '/home/ad/clue_ws/install/setup.ps1'
[2.117s] INFO:colcon.colcon_core.shell:Creating prefix script '/home/ad/clue_ws/install/local_setup.sh'
[2.118s] INFO:colcon.colcon_core.shell:Creating prefix util module '/home/ad/clue_ws/install/_local_setup_util_sh.py'
[2.119s] INFO:colcon.colcon_core.shell:Creating prefix chain script '/home/ad/clue_ws/install/setup.sh'
[2.122s] INFO:colcon.colcon_core.shell:Creating prefix script '/home/ad/clue_ws/install/local_setup.bash'
[2.123s] INFO:colcon.colcon_core.shell:Creating prefix chain script '/home/ad/clue_ws/install/setup.bash'
[2.124s] INFO:colcon.colcon_core.shell:Creating prefix script '/home/ad/clue_ws/install/local_setup.zsh'
[2.125s] INFO:colcon.colcon_core.shell:Creating prefix chain script '/home/ad/clue_ws/install/setup.zsh'
