[0.763s] DEBUG:colcon:Command line arguments: ['/usr/bin/colcon', 'build']
[0.763s] DEBUG:colcon:Parsed command line arguments: Namespace(log_base=None, log_level=None, verb_name='build', build_base='build', install_base='install', merge_install=False, symlink_install=False, test_result_base=None, continue_on_error=False, executor='parallel', parallel_workers=8, event_handlers=None, ignore_user_meta=False, metas=['./colcon.meta'], base_paths=['.'], packages_ignore=None, packages_ignore_regex=None, paths=None, packages_up_to=None, packages_up_to_regex=None, packages_above=None, packages_above_and_dependencies=None, packages_above_depth=None, packages_select_by_dep=None, packages_skip_by_dep=None, packages_skip_up_to=None, packages_select_build_failed=False, packages_skip_build_finished=False, packages_select_test_failures=False, packages_skip_test_passed=False, packages_select=None, packages_skip=None, packages_select_regex=None, packages_skip_regex=None, packages_start=None, packages_end=None, allow_overriding=[], cmake_args=None, cmake_target=None, cmake_target_skip_unavailable=False, cmake_clean_cache=False, cmake_clean_first=False, cmake_force_configure=False, ament_cmake_args=None, catkin_cmake_args=None, catkin_skip_building_tests=False, verb_parser=<colcon_defaults.argument_parser.defaults.DefaultArgumentsDecorator object at 0x7f0b2cb73910>, verb_extension=<colcon_core.verb.build.BuildVerb object at 0x7f0b2ccc8400>, main=<bound method BuildVerb.main of <colcon_core.verb.build.BuildVerb object at 0x7f0b2ccc8400>>)
[1.341s] Level 1:colcon.colcon_core.package_discovery:discover_packages(colcon_meta) check parameters
[1.341s] Level 1:colcon.colcon_core.package_discovery:discover_packages(recursive) check parameters
[1.341s] Level 1:colcon.colcon_core.package_discovery:discover_packages(ignore) check parameters
[1.341s] Level 1:colcon.colcon_core.package_discovery:discover_packages(path) check parameters
[1.342s] Level 1:colcon.colcon_core.package_discovery:discover_packages(colcon_meta) discover
[1.342s] Level 1:colcon.colcon_core.package_discovery:discover_packages(recursive) discover
[1.342s] INFO:colcon.colcon_core.package_discovery:Crawling recursively for packages in '/home/ad/clue_ws'
[1.342s] Level 1:colcon.colcon_core.package_identification:_identify(.) by extensions ['ignore', 'ignore_ament_install']
[1.342s] Level 1:colcon.colcon_core.package_identification:_identify(.) by extension 'ignore'
[1.342s] Level 1:colcon.colcon_core.package_identification:_identify(.) by extension 'ignore_ament_install'
[1.342s] Level 1:colcon.colcon_core.package_identification:_identify(.) by extensions ['colcon_pkg']
[1.342s] Level 1:colcon.colcon_core.package_identification:_identify(.) by extension 'colcon_pkg'
[1.342s] Level 1:colcon.colcon_core.package_identification:_identify(.) by extensions ['colcon_meta']
[1.342s] Level 1:colcon.colcon_core.package_identification:_identify(.) by extension 'colcon_meta'
[1.343s] Level 1:colcon.colcon_core.package_identification:_identify(.) by extensions ['ros']
[1.343s] Level 1:colcon.colcon_core.package_identification:_identify(.) by extension 'ros'
[1.370s] Level 1:colcon.colcon_core.package_identification:_identify(.) by extensions ['cmake', 'python']
[1.371s] Level 1:colcon.colcon_core.package_identification:_identify(.) by extension 'cmake'
[1.371s] Level 1:colcon.colcon_core.package_identification:_identify(.) by extension 'python'
[1.371s] Level 1:colcon.colcon_core.package_identification:_identify(.) by extensions ['python_setup_py']
[1.371s] Level 1:colcon.colcon_core.package_identification:_identify(.) by extension 'python_setup_py'
[1.371s] Level 1:colcon.colcon_core.package_identification:_identify(build) by extensions ['ignore', 'ignore_ament_install']
[1.371s] Level 1:colcon.colcon_core.package_identification:_identify(build) by extension 'ignore'
[1.371s] Level 1:colcon.colcon_core.package_identification:_identify(build) ignored
[1.371s] Level 1:colcon.colcon_core.package_identification:_identify(install) by extensions ['ignore', 'ignore_ament_install']
[1.372s] Level 1:colcon.colcon_core.package_identification:_identify(install) by extension 'ignore'
[1.372s] Level 1:colcon.colcon_core.package_identification:_identify(install) ignored
[1.372s] Level 1:colcon.colcon_core.package_identification:_identify(log) by extensions ['ignore', 'ignore_ament_install']
[1.372s] Level 1:colcon.colcon_core.package_identification:_identify(log) by extension 'ignore'
[1.372s] Level 1:colcon.colcon_core.package_identification:_identify(log) ignored
[1.372s] Level 1:colcon.colcon_core.package_identification:_identify(ros2_pca_servo) by extensions ['ignore', 'ignore_ament_install']
[1.372s] Level 1:colcon.colcon_core.package_identification:_identify(ros2_pca_servo) by extension 'ignore'
[1.372s] Level 1:colcon.colcon_core.package_identification:_identify(ros2_pca_servo) by extension 'ignore_ament_install'
[1.372s] Level 1:colcon.colcon_core.package_identification:_identify(ros2_pca_servo) by extensions ['colcon_pkg']
[1.372s] Level 1:colcon.colcon_core.package_identification:_identify(ros2_pca_servo) by extension 'colcon_pkg'
[1.373s] Level 1:colcon.colcon_core.package_identification:_identify(ros2_pca_servo) by extensions ['colcon_meta']
[1.373s] Level 1:colcon.colcon_core.package_identification:_identify(ros2_pca_servo) by extension 'colcon_meta'
[1.373s] Level 1:colcon.colcon_core.package_identification:_identify(ros2_pca_servo) by extensions ['ros']
[1.373s] Level 1:colcon.colcon_core.package_identification:_identify(ros2_pca_servo) by extension 'ros'
[1.373s] Level 1:colcon.colcon_core.package_identification:_identify(ros2_pca_servo) by extensions ['cmake', 'python']
[1.373s] Level 1:colcon.colcon_core.package_identification:_identify(ros2_pca_servo) by extension 'cmake'
[1.373s] Level 1:colcon.colcon_core.package_identification:_identify(ros2_pca_servo) by extension 'python'
[1.373s] Level 1:colcon.colcon_core.package_identification:_identify(ros2_pca_servo) by extensions ['python_setup_py']
[1.373s] Level 1:colcon.colcon_core.package_identification:_identify(ros2_pca_servo) by extension 'python_setup_py'
[1.373s] Level 1:colcon.colcon_core.package_identification:_identify(ros2_pca_servo/pca_servo) by extensions ['ignore', 'ignore_ament_install']
[1.373s] Level 1:colcon.colcon_core.package_identification:_identify(ros2_pca_servo/pca_servo) by extension 'ignore'
[1.374s] Level 1:colcon.colcon_core.package_identification:_identify(ros2_pca_servo/pca_servo) by extension 'ignore_ament_install'
[1.374s] Level 1:colcon.colcon_core.package_identification:_identify(ros2_pca_servo/pca_servo) by extensions ['colcon_pkg']
[1.374s] Level 1:colcon.colcon_core.package_identification:_identify(ros2_pca_servo/pca_servo) by extension 'colcon_pkg'
[1.374s] Level 1:colcon.colcon_core.package_identification:_identify(ros2_pca_servo/pca_servo) by extensions ['colcon_meta']
[1.374s] Level 1:colcon.colcon_core.package_identification:_identify(ros2_pca_servo/pca_servo) by extension 'colcon_meta'
[1.374s] Level 1:colcon.colcon_core.package_identification:_identify(ros2_pca_servo/pca_servo) by extensions ['ros']
[1.374s] Level 1:colcon.colcon_core.package_identification:_identify(ros2_pca_servo/pca_servo) by extension 'ros'
[1.380s] DEBUG:colcon.colcon_core.package_identification:Package 'ros2_pca_servo/pca_servo' with type 'ros.ament_python' and name 'pi_gpio'
[1.380s] Level 1:colcon.colcon_core.package_identification:_identify(ros2_pca_servo/pca_servo_interface) by extensions ['ignore', 'ignore_ament_install']
[1.380s] Level 1:colcon.colcon_core.package_identification:_identify(ros2_pca_servo/pca_servo_interface) by extension 'ignore'
[1.380s] Level 1:colcon.colcon_core.package_identification:_identify(ros2_pca_servo/pca_servo_interface) by extension 'ignore_ament_install'
[1.380s] Level 1:colcon.colcon_core.package_identification:_identify(ros2_pca_servo/pca_servo_interface) by extensions ['colcon_pkg']
[1.380s] Level 1:colcon.colcon_core.package_identification:_identify(ros2_pca_servo/pca_servo_interface) by extension 'colcon_pkg'
[1.381s] Level 1:colcon.colcon_core.package_identification:_identify(ros2_pca_servo/pca_servo_interface) by extensions ['colcon_meta']
[1.381s] Level 1:colcon.colcon_core.package_identification:_identify(ros2_pca_servo/pca_servo_interface) by extension 'colcon_meta'
[1.381s] Level 1:colcon.colcon_core.package_identification:_identify(ros2_pca_servo/pca_servo_interface) by extensions ['ros']
[1.381s] Level 1:colcon.colcon_core.package_identification:_identify(ros2_pca_servo/pca_servo_interface) by extension 'ros'
[1.382s] DEBUG:colcon.colcon_core.package_identification:Package 'ros2_pca_servo/pca_servo_interface' with type 'ros.ament_cmake' and name 'pi_gpio_interface'
[1.382s] Level 1:colcon.colcon_core.package_discovery:discover_packages(recursive) using defaults
[1.382s] Level 1:colcon.colcon_core.package_discovery:discover_packages(ignore) discover
[1.382s] Level 1:colcon.colcon_core.package_discovery:discover_packages(ignore) using defaults
[1.382s] Level 1:colcon.colcon_core.package_discovery:discover_packages(path) discover
[1.382s] Level 1:colcon.colcon_core.package_discovery:discover_packages(path) using defaults
[1.447s] Level 1:colcon.colcon_core.package_discovery:discover_packages(prefix_path) check parameters
[1.447s] Level 1:colcon.colcon_core.package_discovery:discover_packages(prefix_path) discover
[1.455s] DEBUG:colcon.colcon_installed_package_information.package_discovery:Found 270 installed packages in /opt/ros/humble
[1.456s] Level 1:colcon.colcon_core.package_discovery:discover_packages(prefix_path) using defaults
[1.521s] Level 5:colcon.colcon_core.verb:set package 'pi_gpio' build argument 'cmake_args' from command line to 'None'
[1.521s] Level 5:colcon.colcon_core.verb:set package 'pi_gpio' build argument 'cmake_target' from command line to 'None'
[1.521s] Level 5:colcon.colcon_core.verb:set package 'pi_gpio' build argument 'cmake_target_skip_unavailable' from command line to 'False'
[1.521s] Level 5:colcon.colcon_core.verb:set package 'pi_gpio' build argument 'cmake_clean_cache' from command line to 'False'
[1.521s] Level 5:colcon.colcon_core.verb:set package 'pi_gpio' build argument 'cmake_clean_first' from command line to 'False'
[1.521s] Level 5:colcon.colcon_core.verb:set package 'pi_gpio' build argument 'cmake_force_configure' from command line to 'False'
[1.521s] Level 5:colcon.colcon_core.verb:set package 'pi_gpio' build argument 'ament_cmake_args' from command line to 'None'
[1.521s] Level 5:colcon.colcon_core.verb:set package 'pi_gpio' build argument 'catkin_cmake_args' from command line to 'None'
[1.521s] Level 5:colcon.colcon_core.verb:set package 'pi_gpio' build argument 'catkin_skip_building_tests' from command line to 'False'
[1.521s] DEBUG:colcon.colcon_core.verb:Building package 'pi_gpio' with the following arguments: {'ament_cmake_args': None, 'build_base': '/home/ad/clue_ws/build/pi_gpio', 'catkin_cmake_args': None, 'catkin_skip_building_tests': False, 'cmake_args': None, 'cmake_clean_cache': False, 'cmake_clean_first': False, 'cmake_force_configure': False, 'cmake_target': None, 'cmake_target_skip_unavailable': False, 'install_base': '/home/ad/clue_ws/install/pi_gpio', 'merge_install': False, 'path': '/home/ad/clue_ws/ros2_pca_servo/pca_servo', 'symlink_install': False, 'test_result_base': None}
[1.522s] Level 5:colcon.colcon_core.verb:set package 'pi_gpio_interface' build argument 'cmake_args' from command line to 'None'
[1.522s] Level 5:colcon.colcon_core.verb:set package 'pi_gpio_interface' build argument 'cmake_target' from command line to 'None'
[1.522s] Level 5:colcon.colcon_core.verb:set package 'pi_gpio_interface' build argument 'cmake_target_skip_unavailable' from command line to 'False'
[1.522s] Level 5:colcon.colcon_core.verb:set package 'pi_gpio_interface' build argument 'cmake_clean_cache' from command line to 'False'
[1.522s] Level 5:colcon.colcon_core.verb:set package 'pi_gpio_interface' build argument 'cmake_clean_first' from command line to 'False'
[1.522s] Level 5:colcon.colcon_core.verb:set package 'pi_gpio_interface' build argument 'cmake_force_configure' from command line to 'False'
[1.522s] Level 5:colcon.colcon_core.verb:set package 'pi_gpio_interface' build argument 'ament_cmake_args' from command line to 'None'
[1.522s] Level 5:colcon.colcon_core.verb:set package 'pi_gpio_interface' build argument 'catkin_cmake_args' from command line to 'None'
[1.522s] Level 5:colcon.colcon_core.verb:set package 'pi_gpio_interface' build argument 'catkin_skip_building_tests' from command line to 'False'
[1.522s] DEBUG:colcon.colcon_core.verb:Building package 'pi_gpio_interface' with the following arguments: {'ament_cmake_args': None, 'build_base': '/home/ad/clue_ws/build/pi_gpio_interface', 'catkin_cmake_args': None, 'catkin_skip_building_tests': False, 'cmake_args': None, 'cmake_clean_cache': False, 'cmake_clean_first': False, 'cmake_force_configure': False, 'cmake_target': None, 'cmake_target_skip_unavailable': False, 'install_base': '/home/ad/clue_ws/install/pi_gpio_interface', 'merge_install': False, 'path': '/home/ad/clue_ws/ros2_pca_servo/pca_servo_interface', 'symlink_install': False, 'test_result_base': None}
[1.522s] INFO:colcon.colcon_core.executor:Executing jobs using 'parallel' executor
[1.524s] DEBUG:colcon.colcon_parallel_executor.executor.parallel:run_until_complete
[1.524s] INFO:colcon.colcon_ros.task.ament_python.build:Building ROS package in '/home/ad/clue_ws/ros2_pca_servo/pca_servo' with build type 'ament_python'
[1.524s] Level 1:colcon.colcon_core.shell:create_environment_hook('pi_gpio', 'ament_prefix_path')
[1.537s] INFO:colcon.colcon_core.plugin_system:Skipping extension 'colcon_core.shell.bat': Not used on non-Windows systems
[1.538s] INFO:colcon.colcon_core.shell:Creating environment hook '/home/ad/clue_ws/install/pi_gpio/share/pi_gpio/hook/ament_prefix_path.ps1'
[1.541s] INFO:colcon.colcon_core.shell:Creating environment descriptor '/home/ad/clue_ws/install/pi_gpio/share/pi_gpio/hook/ament_prefix_path.dsv'
[1.542s] INFO:colcon.colcon_core.shell:Creating environment hook '/home/ad/clue_ws/install/pi_gpio/share/pi_gpio/hook/ament_prefix_path.sh'
[1.544s] INFO:colcon.colcon_core.shell:Skip shell extension 'powershell' for command environment: Not usable outside of PowerShell
[1.544s] DEBUG:colcon.colcon_core.shell:Skip shell extension 'dsv' for command environment
[1.550s] INFO:colcon.colcon_ros.task.ament_cmake.build:Building ROS package in '/home/ad/clue_ws/ros2_pca_servo/pca_servo_interface' with build type 'ament_cmake'
[1.551s] INFO:colcon.colcon_cmake.task.cmake.build:Building CMake package in '/home/ad/clue_ws/ros2_pca_servo/pca_servo_interface'
[1.551s] INFO:colcon.colcon_core.shell:Skip shell extension 'powershell' for command environment: Not usable outside of PowerShell
[1.551s] DEBUG:colcon.colcon_core.shell:Skip shell extension 'dsv' for command environment
[1.997s] INFO:colcon.colcon_core.task.python.build:Building Python package in '/home/ad/clue_ws/ros2_pca_servo/pca_servo'
[1.998s] INFO:colcon.colcon_core.shell:Skip shell extension 'powershell' for command environment: Not usable outside of PowerShell
[1.998s] DEBUG:colcon.colcon_core.shell:Skip shell extension 'dsv' for command environment
[2.005s] DEBUG:colcon.colcon_core.event_handler.log_command:Invoking command in '/home/ad/clue_ws/build/pi_gpio_interface': CMAKE_PREFIX_PATH=/opt/ros/humble /usr/bin/cmake /home/ad/clue_ws/ros2_pca_servo/pca_servo_interface -DCMAKE_INSTALL_PREFIX=/home/ad/clue_ws/install/pi_gpio_interface
[2.907s] DEBUG:colcon.colcon_core.event_handler.log_command:Invoking command in '/home/ad/clue_ws/ros2_pca_servo/pca_servo': PYTHONPATH=/home/ad/clue_ws/build/pi_gpio/prefix_override:/home/ad/clue_ws/install/pi_gpio/lib/python3.10/site-packages:${PYTHONPATH} /usr/bin/python3 -W ignore:setup.py install is deprecated setup.py egg_info --egg-base ../../build/pi_gpio build --build-base /home/ad/clue_ws/build/pi_gpio/build install --record /home/ad/clue_ws/build/pi_gpio/install.log --single-version-externally-managed install_data
[3.202s] DEBUG:colcon.colcon_core.event_handler.log_command:Invoked command in '/home/ad/clue_ws/ros2_pca_servo/pca_servo' returned '1': PYTHONPATH=/home/ad/clue_ws/build/pi_gpio/prefix_override:/home/ad/clue_ws/install/pi_gpio/lib/python3.10/site-packages:${PYTHONPATH} /usr/bin/python3 -W ignore:setup.py install is deprecated setup.py egg_info --egg-base ../../build/pi_gpio build --build-base /home/ad/clue_ws/build/pi_gpio/build install --record /home/ad/clue_ws/build/pi_gpio/install.log --single-version-externally-managed install_data
[8.691s] DEBUG:colcon.colcon_parallel_executor.executor.parallel:closing loop
[8.691s] DEBUG:colcon.colcon_parallel_executor.executor.parallel:loop closed
[8.691s] DEBUG:colcon.colcon_parallel_executor.executor.parallel:run_until_complete finished with '1'
[8.691s] DEBUG:colcon.colcon_core.event_reactor:joining thread
[8.770s] INFO:colcon.colcon_core.plugin_system:Skipping extension 'colcon_notification.desktop_notification.notify_send': Could not find 'notify-send'
[8.770s] INFO:colcon.colcon_core.plugin_system:Skipping extension 'colcon_notification.desktop_notification.terminal_notifier': Not used on non-Darwin systems
[8.770s] INFO:colcon.colcon_core.plugin_system:Skipping extension 'colcon_notification.desktop_notification.win32': Not used on non-Windows systems
[8.770s] INFO:colcon.colcon_notification.desktop_notification:Sending desktop notification using 'notify2'
[8.772s] DEBUG:colcon.colcon_notification.desktop_notification.notify2:Failed to initialize notify2: org.freedesktop.DBus.Error.ServiceUnknown: The name org.freedesktop.Notifications was not provided by any .service files
[8.772s] DEBUG:colcon.colcon_core.event_reactor:joined thread
[8.772s] INFO:colcon.colcon_core.shell:Creating prefix script '/home/ad/clue_ws/install/local_setup.ps1'
[8.774s] INFO:colcon.colcon_core.shell:Creating prefix util module '/home/ad/clue_ws/install/_local_setup_util_ps1.py'
[8.777s] INFO:colcon.colcon_core.shell:Creating prefix chain script '/home/ad/clue_ws/install/setup.ps1'
[8.778s] INFO:colcon.colcon_core.shell:Creating prefix script '/home/ad/clue_ws/install/local_setup.sh'
[8.780s] INFO:colcon.colcon_core.shell:Creating prefix util module '/home/ad/clue_ws/install/_local_setup_util_sh.py'
[8.780s] INFO:colcon.colcon_core.shell:Creating prefix chain script '/home/ad/clue_ws/install/setup.sh'
[8.782s] INFO:colcon.colcon_core.shell:Creating prefix script '/home/ad/clue_ws/install/local_setup.bash'
[8.784s] INFO:colcon.colcon_core.shell:Creating prefix chain script '/home/ad/clue_ws/install/setup.bash'
[8.785s] INFO:colcon.colcon_core.shell:Creating prefix script '/home/ad/clue_ws/install/local_setup.zsh'
[8.787s] INFO:colcon.colcon_core.shell:Creating prefix chain script '/home/ad/clue_ws/install/setup.zsh'
