running egg_info
writing ../../build/pca_servo/pca_servo.egg-info/PKG-INFO
writing dependency_links to ../../build/pca_servo/pca_servo.egg-info/dependency_links.txt
writing entry points to ../../build/pca_servo/pca_servo.egg-info/entry_points.txt
writing requirements to ../../build/pca_servo/pca_servo.egg-info/requires.txt
writing top-level names to ../../build/pca_servo/pca_servo.egg-info/top_level.txt
reading manifest file '../../build/pca_servo/pca_servo.egg-info/SOURCES.txt'
adding license file 'LICENSE'
writing manifest file '../../build/pca_servo/pca_servo.egg-info/SOURCES.txt'
running build
running build_py
running install
running install_lib
running install_data
running install_egg_info
removing '/home/ad/clue_ws/install/pca_servo/lib/python3.10/site-packages/pca_servo-0.8.2-py3.10.egg-info' (and everything under it)
Copying ../../build/pca_servo/pca_servo.egg-info to /home/ad/clue_ws/install/pca_servo/lib/python3.10/site-packages/pca_servo-0.8.2-py3.10.egg-info
running install_scripts
Installing pca_servo_server script to /home/ad/clue_ws/install/pca_servo/lib/pi_gpio
writing list of installed files to '/home/ad/clue_ws/build/pca_servo/install.log'
