running egg_info
creating ../../build/pca_servo/pca_servo.egg-info
writing ../../build/pca_servo/pca_servo.egg-info/PKG-INFO
writing dependency_links to ../../build/pca_servo/pca_servo.egg-info/dependency_links.txt
writing entry points to ../../build/pca_servo/pca_servo.egg-info/entry_points.txt
writing requirements to ../../build/pca_servo/pca_servo.egg-info/requires.txt
writing top-level names to ../../build/pca_servo/pca_servo.egg-info/top_level.txt
writing manifest file '../../build/pca_servo/pca_servo.egg-info/SOURCES.txt'
reading manifest file '../../build/pca_servo/pca_servo.egg-info/SOURCES.txt'
adding license file 'LICENSE'
writing manifest file '../../build/pca_servo/pca_servo.egg-info/SOURCES.txt'
running build
running build_py
creating /home/ad/clue_ws/build/pca_servo/build
creating /home/ad/clue_ws/build/pca_servo/build/lib
creating /home/ad/clue_ws/build/pca_servo/build/lib/pca_servo
copying pca_servo/__init__.py -> /home/ad/clue_ws/build/pca_servo/build/lib/pca_servo
copying pca_servo/pca_servo_server.py -> /home/ad/clue_ws/build/pca_servo/build/lib/pca_servo
running install
running install_lib
creating /home/ad/clue_ws/install/pca_servo/lib/python3.10/site-packages/pca_servo
copying /home/ad/clue_ws/build/pca_servo/build/lib/pca_servo/__init__.py -> /home/ad/clue_ws/install/pca_servo/lib/python3.10/site-packages/pca_servo
copying /home/ad/clue_ws/build/pca_servo/build/lib/pca_servo/pca_servo_server.py -> /home/ad/clue_ws/install/pca_servo/lib/python3.10/site-packages/pca_servo
byte-compiling /home/ad/clue_ws/install/pca_servo/lib/python3.10/site-packages/pca_servo/__init__.py to __init__.cpython-310.pyc
byte-compiling /home/ad/clue_ws/install/pca_servo/lib/python3.10/site-packages/pca_servo/pca_servo_server.py to pca_servo_server.cpython-310.pyc
running install_data
creating /home/ad/clue_ws/install/pca_servo/share/ament_index
creating /home/ad/clue_ws/install/pca_servo/share/ament_index/resource_index
creating /home/ad/clue_ws/install/pca_servo/share/ament_index/resource_index/packages
copying resource/pca_servo -> /home/ad/clue_ws/install/pca_servo/share/ament_index/resource_index/packages
copying package.xml -> /home/ad/clue_ws/install/pca_servo/share/pca_servo
running install_egg_info
Copying ../../build/pca_servo/pca_servo.egg-info to /home/ad/clue_ws/install/pca_servo/lib/python3.10/site-packages/pca_servo-0.8.2-py3.10.egg-info
running install_scripts
Installing pca_servo_server script to /home/ad/clue_ws/install/pca_servo/lib/pi_gpio
writing list of installed files to '/home/ad/clue_ws/build/pca_servo/install.log'
